[2018-06-18 11:04:07,646]-[log.py]-INFO:开始点击登录界面的语言选择
[2018-06-18 11:04:10,373]-[log.py]-INFO:成功选择简体中文
[2018-06-18 11:04:14,551]-[log.py]-INFO:输入用户名
[2018-06-18 11:04:15,037]-[log.py]-INFO:输入密码
[2018-06-18 11:04:15,350]-[log.py]-INFO:点击“保持登录”
[2018-06-18 11:04:15,786]-[log.py]-INFO:点击“登录”按钮
[2018-06-18 11:04:23,160]-[log.py]-INFO:成功点击“后台管理”按钮
[2018-06-18 11:04:27,099]-[log.py]-INFO:成功进入“后台管理”框架
[2018-06-18 11:04:27,625]-[log.py]-INFO:成功点击“组织”按钮
[2018-06-18 11:04:30,860]-[log.py]-INFO:成功点击“新增用户”按钮
[2018-06-18 11:04:36,255]-[log.py]-INFO:输入“用户名”
[2018-06-18 11:04:37,042]-[log.py]-INFO:输入“真实姓名”
[2018-06-18 11:04:37,524]-[log.py]-INFO:性别选择“女”
[2018-06-18 11:04:37,953]-[log.py]-INFO:部门选择“销售”
[2018-06-18 11:04:38,438]-[log.py]-INFO:角色选择“销售”
[2018-06-18 11:04:39,004]-[log.py]-INFO:输入密码
[2018-06-18 11:04:39,509]-[log.py]-INFO:再次输入密码
[2018-06-18 11:04:40,327]-[log.py]-INFO:输入邮箱
[2018-06-18 11:04:40,974]-[log.py]-INFO:点击“提交”按钮
[2018-06-18 11:04:41,873]-[log.py]-INFO:退出“后台管理”框架
[2018-06-18 11:05:14,256]-[log.py]-INFO:开始点击登录界面的语言选择
[2018-06-18 11:05:15,696]-[log.py]-INFO:成功选择简体中文
[2018-06-18 11:05:19,703]-[log.py]-INFO:输入用户名
[2018-06-18 11:05:20,178]-[log.py]-INFO:输入密码
[2018-06-18 11:05:20,521]-[log.py]-INFO:点击“保持登录”
[2018-06-18 11:05:20,863]-[log.py]-INFO:点击“登录”按钮
[2018-06-18 11:05:28,282]-[log.py]-INFO:成功点击“后台管理”按钮
[2018-06-18 11:05:32,154]-[log.py]-INFO:成功进入“后台管理”框架
[2018-06-18 11:05:32,686]-[log.py]-INFO:成功点击“组织”按钮
[2018-06-18 11:05:36,089]-[log.py]-INFO:成功点击“新增用户”按钮
[2018-06-18 11:05:41,587]-[log.py]-INFO:输入“用户名”
[2018-06-18 11:05:41,928]-[log.py]-INFO:输入“真实姓名”
[2018-06-18 11:05:42,414]-[log.py]-INFO:性别选择“男”
[2018-06-18 11:05:42,863]-[log.py]-INFO:部门选择“销售”
[2018-06-18 11:05:43,378]-[log.py]-INFO:角色选择“销售”
[2018-06-18 11:05:43,934]-[log.py]-INFO:输入密码
[2018-06-18 11:05:44,393]-[log.py]-INFO:再次输入密码
[2018-06-18 11:05:45,159]-[log.py]-INFO:输入邮箱
[2018-06-18 11:05:45,759]-[log.py]-INFO:点击“提交”按钮
[2018-06-18 11:05:46,459]-[log.py]-INFO:退出“后台管理”框架
[2018-06-18 11:06:17,727]-[log.py]-INFO:开始点击登录界面的语言选择
[2018-06-18 11:06:19,143]-[log.py]-INFO:成功选择简体中文
[2018-06-18 11:06:23,132]-[log.py]-INFO:输入用户名
[2018-06-18 11:06:23,601]-[log.py]-INFO:输入密码
[2018-06-18 11:06:23,919]-[log.py]-INFO:点击“保持登录”
[2018-06-18 11:06:24,255]-[log.py]-INFO:点击“登录”按钮
[2018-06-18 11:06:31,636]-[log.py]-INFO:成功点击“后台管理”按钮
[2018-06-18 11:06:35,484]-[log.py]-INFO:成功进入“后台管理”框架
[2018-06-18 11:06:36,016]-[log.py]-INFO:成功点击“组织”按钮
[2018-06-18 11:06:39,287]-[log.py]-INFO:成功点击“新增用户”按钮
[2018-06-18 11:06:44,680]-[log.py]-INFO:输入“用户名”
[2018-06-18 11:06:45,193]-[log.py]-INFO:输入“真实姓名”
[2018-06-18 11:06:45,656]-[log.py]-INFO:性别选择“男”
[2018-06-18 11:06:46,111]-[log.py]-INFO:部门选择“销售”
[2018-06-18 11:06:46,574]-[log.py]-INFO:角色选择“销售”
[2018-06-18 11:06:46,990]-[log.py]-INFO:输入密码
[2018-06-18 11:06:47,463]-[log.py]-INFO:再次输入密码
[2018-06-18 11:06:48,212]-[log.py]-INFO:输入邮箱
[2018-06-18 11:06:48,830]-[log.py]-INFO:点击“提交”按钮
[2018-06-18 11:06:49,654]-[log.py]-INFO:退出“后台管理”框架
[2018-06-18 11:07:21,027]-[log.py]-INFO:开始点击登录界面的语言选择
[2018-06-18 11:07:22,410]-[log.py]-INFO:成功选择简体中文
[2018-06-18 11:07:26,442]-[log.py]-INFO:输入用户名
[2018-06-18 11:07:26,888]-[log.py]-INFO:输入密码
[2018-06-18 11:07:27,186]-[log.py]-INFO:点击“保持登录”
[2018-06-18 11:07:27,515]-[log.py]-INFO:点击“登录”按钮
[2018-06-18 11:07:35,367]-[log.py]-INFO:成功点击“后台管理”按钮
[2018-06-18 11:07:39,167]-[log.py]-INFO:成功进入“后台管理”框架
[2018-06-18 11:07:39,710]-[log.py]-INFO:成功点击“组织”按钮
[2018-06-18 11:07:42,894]-[log.py]-INFO:成功点击“新增用户”按钮
[2018-06-18 11:07:48,325]-[log.py]-INFO:输入“用户名”
[2018-06-18 11:07:48,866]-[log.py]-INFO:输入“真实姓名”
[2018-06-18 11:07:49,319]-[log.py]-INFO:性别选择“男”
[2018-06-18 11:07:49,814]-[log.py]-INFO:部门选择“销售”
[2018-06-18 11:07:50,301]-[log.py]-INFO:角色选择“销售”
[2018-06-18 11:07:50,841]-[log.py]-INFO:输入密码
[2018-06-18 11:07:51,350]-[log.py]-INFO:再次输入密码
[2018-06-18 11:07:51,697]-[log.py]-INFO:输入邮箱
[2018-06-18 11:07:52,336]-[log.py]-INFO:点击“提交”按钮
[2018-06-18 11:07:53,025]-[log.py]-INFO:退出“后台管理”框架
[2018-06-18 11:08:22,088]-[log.py]-INFO:开始点击登录界面的语言选择
[2018-06-18 11:08:23,411]-[log.py]-INFO:成功选择简体中文
[2018-06-18 11:08:27,393]-[log.py]-INFO:输入用户名
[2018-06-18 11:08:27,877]-[log.py]-INFO:输入密码
[2018-06-18 11:08:28,183]-[log.py]-INFO:点击“保持登录”
[2018-06-18 11:08:28,519]-[log.py]-INFO:点击“登录”按钮
[2018-06-18 11:08:35,450]-[log.py]-INFO:当前页面的url为:http://localhost:81/ranzhi/www/sys/index.html
[2018-06-18 11:08:35,981]-[log.py]-INFO:成功点击“后台管理”按钮
[2018-06-18 11:08:39,817]-[log.py]-INFO:成功进入“后台管理”框架
[2018-06-18 11:08:40,349]-[log.py]-INFO:成功点击“组织”按钮
[2018-06-18 11:08:52,739]-[log.py]-INFO:user61在第2行显示N
[2018-06-18 11:08:56,311]-[log.py]-ERROR:user61处理OK！
[2018-06-18 11:08:56,314]-[log.py]-INFO:点击删除按钮，删除user61
[2018-06-18 11:09:01,377]-[log.py]-INFO:成功点击确定删除alert!
[2018-06-18 11:09:23,593]-[log.py]-INFO:成员列表中没有该用户user61，已被成功删除！
[2018-06-18 11:09:23,677]-[log.py]-INFO:当前页面的url为:http://localhost:81/ranzhi/www/sys/user-admin-0-normal--id_asc-22-10-3.html
[2018-06-18 11:09:24,089]-[log.py]-INFO:成功点击“后台管理”按钮
[2018-06-18 11:09:27,876]-[log.py]-INFO:成功进入“后台管理”框架
[2018-06-18 11:09:28,392]-[log.py]-INFO:成功点击“组织”按钮
[2018-06-18 11:09:50,780]-[log.py]-ERROR:user57处理OK！
[2018-06-18 11:09:50,783]-[log.py]-INFO:点击删除按钮，删除user57
[2018-06-18 11:42:02,082]-[log.py]-INFO:开始点击登录界面的语言选择
[2018-06-18 11:42:03,539]-[log.py]-INFO:成功选择简体中文
[2018-06-18 11:42:07,548]-[log.py]-INFO:输入用户名
[2018-06-18 11:42:08,000]-[log.py]-INFO:输入密码
[2018-06-18 11:42:08,308]-[log.py]-INFO:点击“保持登录”
[2018-06-18 11:42:08,667]-[log.py]-INFO:点击“登录”按钮
[2018-06-18 11:42:15,994]-[log.py]-INFO:成功点击“后台管理”按钮
[2018-06-18 11:42:19,920]-[log.py]-INFO:成功进入“后台管理”框架
[2018-06-18 11:42:20,462]-[log.py]-INFO:成功点击“组织”按钮
[2018-06-18 11:42:23,575]-[log.py]-INFO:成功点击“新增用户”按钮
[2018-06-18 11:42:28,770]-[log.py]-INFO:输入“用户名”
[2018-06-18 11:42:29,301]-[log.py]-INFO:输入“真实姓名”
[2018-06-18 11:42:29,758]-[log.py]-INFO:性别选择“女”
[2018-06-18 11:42:30,215]-[log.py]-INFO:部门选择“销售”
[2018-06-18 11:42:30,688]-[log.py]-INFO:角色选择“销售”
[2018-06-18 11:42:31,289]-[log.py]-INFO:输入密码
[2018-06-18 11:42:31,754]-[log.py]-INFO:再次输入密码
[2018-06-18 11:42:32,503]-[log.py]-INFO:输入邮箱
[2018-06-18 11:42:33,049]-[log.py]-INFO:点击“提交”按钮
[2018-06-18 11:42:33,789]-[log.py]-INFO:退出“后台管理”框架
[2018-06-18 11:43:04,468]-[log.py]-INFO:开始点击登录界面的语言选择
[2018-06-18 11:43:05,854]-[log.py]-INFO:成功选择简体中文
[2018-06-18 11:43:09,890]-[log.py]-INFO:输入用户名
[2018-06-18 11:43:10,346]-[log.py]-INFO:输入密码
[2018-06-18 11:43:10,677]-[log.py]-INFO:点击“保持登录”
[2018-06-18 11:43:11,080]-[log.py]-INFO:点击“登录”按钮
[2018-06-18 11:43:18,252]-[log.py]-INFO:成功点击“后台管理”按钮
[2018-06-18 11:43:22,192]-[log.py]-INFO:成功进入“后台管理”框架
[2018-06-18 11:43:22,738]-[log.py]-INFO:成功点击“组织”按钮
[2018-06-18 11:43:26,017]-[log.py]-INFO:成功点击“新增用户”按钮
[2018-06-18 11:43:31,452]-[log.py]-INFO:输入“用户名”
[2018-06-18 11:43:31,818]-[log.py]-INFO:输入“真实姓名”
[2018-06-18 11:43:32,276]-[log.py]-INFO:性别选择“男”
[2018-06-18 11:43:32,736]-[log.py]-INFO:部门选择“销售”
[2018-06-18 11:43:33,233]-[log.py]-INFO:角色选择“销售”
[2018-06-18 11:43:33,829]-[log.py]-INFO:输入密码
[2018-06-18 11:43:34,385]-[log.py]-INFO:再次输入密码
[2018-06-18 11:43:35,260]-[log.py]-INFO:输入邮箱
[2018-06-18 11:43:35,881]-[log.py]-INFO:点击“提交”按钮
[2018-06-18 11:43:36,621]-[log.py]-INFO:退出“后台管理”框架
[2018-06-18 11:48:33,987]-[log.py]-INFO:开始点击登录界面的语言选择
[2018-06-18 11:48:35,421]-[log.py]-INFO:成功选择简体中文
[2018-06-18 11:48:39,518]-[log.py]-INFO:输入用户名
[2018-06-18 11:48:39,987]-[log.py]-INFO:输入密码
[2018-06-18 11:48:40,314]-[log.py]-INFO:点击“保持登录”
[2018-06-18 11:48:40,657]-[log.py]-INFO:点击“登录”按钮
[2018-06-18 11:48:48,750]-[log.py]-INFO:成功点击“后台管理”按钮
[2018-06-18 11:48:52,667]-[log.py]-INFO:成功进入“后台管理”框架
[2018-06-18 11:48:53,214]-[log.py]-INFO:成功点击“组织”按钮
[2018-06-18 11:48:56,364]-[log.py]-INFO:成功点击“新增用户”按钮
[2018-06-18 11:49:01,678]-[log.py]-INFO:输入“用户名”
[2018-06-18 11:49:02,227]-[log.py]-INFO:输入“真实姓名”
[2018-06-18 11:49:02,716]-[log.py]-INFO:性别选择“女”
[2018-06-18 11:49:03,187]-[log.py]-INFO:部门选择“销售”
[2018-06-18 11:49:03,728]-[log.py]-INFO:角色选择“销售”
[2018-06-18 11:49:04,251]-[log.py]-INFO:输入密码
[2018-06-18 11:49:04,746]-[log.py]-INFO:再次输入密码
[2018-06-18 11:49:05,471]-[log.py]-INFO:输入邮箱
[2018-06-18 11:49:06,126]-[log.py]-INFO:点击“提交”按钮
[2018-06-18 11:49:06,880]-[log.py]-INFO:退出“后台管理”框架
[2018-06-18 11:57:57,913]-[log.py]-INFO:开始点击登录界面的语言选择
[2018-06-18 11:57:59,371]-[log.py]-INFO:成功选择简体中文
[2018-06-18 11:58:03,466]-[log.py]-INFO:输入用户名
[2018-06-18 11:58:03,916]-[log.py]-INFO:输入密码
[2018-06-18 11:58:04,229]-[log.py]-INFO:点击“保持登录”
[2018-06-18 11:58:04,587]-[log.py]-INFO:点击“登录”按钮
[2018-06-18 11:58:11,922]-[log.py]-INFO:成功点击“后台管理”按钮
[2018-06-18 11:58:15,817]-[log.py]-INFO:成功进入“后台管理”框架
[2018-06-18 11:58:16,392]-[log.py]-INFO:成功点击“组织”按钮
[2018-06-18 11:58:19,505]-[log.py]-INFO:成功点击“新增用户”按钮
[2018-06-18 11:58:24,654]-[log.py]-INFO:输入“用户名”
[2018-06-18 11:58:25,217]-[log.py]-INFO:输入“真实姓名”
[2018-06-18 11:58:25,704]-[log.py]-INFO:性别选择“女”
[2018-06-18 11:58:26,167]-[log.py]-INFO:部门选择“销售”
[2018-06-18 11:58:26,685]-[log.py]-INFO:角色选择“销售”
[2018-06-18 11:58:27,245]-[log.py]-INFO:输入密码
[2018-06-18 11:58:27,761]-[log.py]-INFO:再次输入密码
[2018-06-18 11:58:28,496]-[log.py]-INFO:输入邮箱
[2018-06-18 11:58:29,120]-[log.py]-INFO:点击“提交”按钮
[2018-06-18 11:58:29,858]-[log.py]-INFO:退出“后台管理”框架
[2018-06-18 12:09:42,931]-[log.py]-INFO:开始点击登录界面的语言选择
[2018-06-18 12:09:44,361]-[log.py]-INFO:成功选择简体中文
[2018-06-18 12:09:48,414]-[log.py]-INFO:输入用户名
[2018-06-18 12:09:48,885]-[log.py]-INFO:输入密码
[2018-06-18 12:09:49,213]-[log.py]-INFO:点击“保持登录”
[2018-06-18 12:09:49,554]-[log.py]-INFO:点击“登录”按钮
[2018-06-18 12:09:56,835]-[log.py]-INFO:成功点击“后台管理”按钮
[2018-06-18 12:10:00,763]-[log.py]-INFO:成功进入“后台管理”框架
[2018-06-18 12:10:01,346]-[log.py]-INFO:成功点击“组织”按钮
[2018-06-18 12:10:04,588]-[log.py]-INFO:成功点击“新增用户”按钮
[2018-06-18 12:10:09,840]-[log.py]-INFO:输入“用户名”
[2018-06-18 12:10:10,375]-[log.py]-INFO:输入“真实姓名”
[2018-06-18 12:10:10,879]-[log.py]-INFO:性别选择“女”
[2018-06-18 12:10:11,347]-[log.py]-INFO:部门选择“销售”
[2018-06-18 12:10:11,834]-[log.py]-INFO:角色选择“销售”
[2018-06-18 12:10:12,392]-[log.py]-INFO:输入密码
[2018-06-18 12:10:12,876]-[log.py]-INFO:再次输入密码
[2018-06-18 12:10:13,605]-[log.py]-INFO:输入邮箱
[2018-06-18 12:10:14,322]-[log.py]-INFO:点击“提交”按钮
[2018-06-18 12:10:15,075]-[log.py]-INFO:退出“后台管理”框架
[2018-06-18 14:10:00,927]-[log.py]-INFO:开始点击登录界面的语言选择
[2018-06-18 14:10:02,820]-[log.py]-INFO:成功选择简体中文
[2018-06-18 14:10:07,127]-[log.py]-INFO:输入用户名
[2018-06-18 14:10:07,867]-[log.py]-INFO:输入密码
[2018-06-18 14:10:08,367]-[log.py]-INFO:点击“保持登录”
[2018-06-18 14:10:08,860]-[log.py]-INFO:点击“登录”按钮
[2018-06-18 14:10:18,387]-[log.py]-INFO:成功点击“后台管理”按钮
[2018-06-18 14:10:22,802]-[log.py]-INFO:成功进入“后台管理”框架
[2018-06-18 14:10:23,572]-[log.py]-INFO:成功点击“组织”按钮
[2018-06-18 14:10:27,120]-[log.py]-INFO:成功点击“新增用户”按钮
[2018-06-18 14:10:32,900]-[log.py]-INFO:输入“用户名”
[2018-06-18 14:10:33,851]-[log.py]-INFO:输入“真实姓名”
[2018-06-18 14:10:34,592]-[log.py]-INFO:性别选择“女”
[2018-06-18 14:10:35,206]-[log.py]-INFO:部门选择“销售”
[2018-06-18 14:10:35,841]-[log.py]-INFO:角色选择“销售”
[2018-06-18 14:10:36,672]-[log.py]-INFO:输入密码
[2018-06-18 14:10:37,317]-[log.py]-INFO:再次输入密码
[2018-06-18 14:10:38,503]-[log.py]-INFO:输入邮箱
[2018-06-18 14:10:39,416]-[log.py]-INFO:点击“提交”按钮
[2018-06-18 14:10:40,301]-[log.py]-INFO:退出“后台管理”框架
[2018-06-18 14:19:25,488]-[log.py]-INFO:开始点击登录界面的语言选择
[2018-06-18 14:19:27,524]-[log.py]-INFO:成功选择简体中文
[2018-06-18 14:19:31,894]-[log.py]-INFO:输入用户名
[2018-06-18 14:19:32,597]-[log.py]-INFO:输入密码
[2018-06-18 14:19:33,003]-[log.py]-INFO:点击“保持登录”
[2018-06-18 14:19:33,490]-[log.py]-INFO:点击“登录”按钮
[2018-06-18 14:19:43,229]-[log.py]-INFO:成功点击“后台管理”按钮
[2018-06-18 14:19:47,773]-[log.py]-INFO:成功进入“后台管理”框架
[2018-06-18 14:19:48,618]-[log.py]-INFO:成功点击“组织”按钮
[2018-06-18 14:19:52,376]-[log.py]-INFO:成功点击“新增用户”按钮
[2018-06-18 14:19:57,940]-[log.py]-INFO:输入“用户名”
[2018-06-18 14:19:59,095]-[log.py]-INFO:输入“真实姓名”
[2018-06-18 14:19:59,927]-[log.py]-INFO:性别选择“女”
[2018-06-18 14:20:00,671]-[log.py]-INFO:部门选择“销售”
[2018-06-18 14:20:01,765]-[log.py]-INFO:角色选择“销售”
[2018-06-18 14:20:02,755]-[log.py]-INFO:输入密码
[2018-06-18 14:20:03,691]-[log.py]-INFO:再次输入密码
[2018-06-18 14:20:04,790]-[log.py]-INFO:输入邮箱
[2018-06-18 14:20:05,739]-[log.py]-INFO:点击“提交”按钮
[2018-06-18 14:20:06,537]-[log.py]-INFO:退出“后台管理”框架
[2018-06-18 14:27:48,741]-[log.py]-INFO:开始点击登录界面的语言选择
[2018-06-18 14:27:50,746]-[log.py]-INFO:成功选择简体中文
[2018-06-18 14:27:55,052]-[log.py]-INFO:输入用户名
[2018-06-18 14:27:55,731]-[log.py]-INFO:输入密码
[2018-06-18 14:27:56,173]-[log.py]-INFO:点击“保持登录”
[2018-06-18 14:27:56,629]-[log.py]-INFO:点击“登录”按钮
[2018-06-18 14:28:05,750]-[log.py]-INFO:成功点击“后台管理”按钮
[2018-06-18 14:28:09,909]-[log.py]-INFO:成功进入“后台管理”框架
[2018-06-18 14:28:10,627]-[log.py]-INFO:成功点击“组织”按钮
[2018-06-18 14:28:14,371]-[log.py]-INFO:成功点击“新增用户”按钮
[2018-06-18 14:28:20,291]-[log.py]-INFO:输入“用户名”
[2018-06-18 14:28:21,465]-[log.py]-INFO:输入“真实姓名”
[2018-06-18 14:28:22,288]-[log.py]-INFO:性别选择“女”
[2018-06-18 14:28:22,863]-[log.py]-INFO:部门选择“销售”
[2018-06-18 14:28:23,618]-[log.py]-INFO:角色选择“销售”
[2018-06-18 14:28:24,323]-[log.py]-INFO:输入密码
[2018-06-18 14:28:25,015]-[log.py]-INFO:再次输入密码
[2018-06-18 14:28:26,046]-[log.py]-INFO:输入邮箱
[2018-06-18 14:28:26,971]-[log.py]-INFO:点击“提交”按钮
[2018-06-18 14:57:34,893]-[log.py]-INFO:开始点击登录界面的语言选择
[2018-06-18 14:57:36,830]-[log.py]-INFO:成功选择简体中文
[2018-06-18 14:57:41,117]-[log.py]-INFO:输入用户名
[2018-06-18 14:57:41,767]-[log.py]-INFO:输入密码
[2018-06-18 14:57:42,218]-[log.py]-INFO:点击“保持登录”
[2018-06-18 14:57:42,676]-[log.py]-INFO:点击“登录”按钮
[2018-06-18 14:57:52,183]-[log.py]-INFO:成功点击“后台管理”按钮
[2018-06-18 14:57:56,434]-[log.py]-INFO:成功进入“后台管理”框架
[2018-06-18 14:57:57,186]-[log.py]-INFO:成功点击“组织”按钮
[2018-06-18 14:58:00,740]-[log.py]-INFO:成功点击“新增用户”按钮
[2018-06-18 14:58:06,473]-[log.py]-INFO:输入“用户名”
[2018-06-18 14:58:07,224]-[log.py]-INFO:输入“真实姓名”
[2018-06-18 14:58:07,865]-[log.py]-INFO:性别选择“女”
[2018-06-18 14:58:08,443]-[log.py]-INFO:部门选择“销售”
[2018-06-18 14:58:09,070]-[log.py]-INFO:角色选择“销售”
[2018-06-18 14:58:09,796]-[log.py]-INFO:输入密码
[2018-06-18 14:58:10,866]-[log.py]-INFO:再次输入密码
[2018-06-18 14:58:12,472]-[log.py]-INFO:输入邮箱
[2018-06-18 14:58:13,803]-[log.py]-INFO:点击“提交”按钮
[2018-06-18 14:58:15,109]-[log.py]-INFO:用户名不能为空。;用户名应当为字母或数字的组合，至少三位
[2018-06-18 15:02:39,004]-[log.py]-INFO:开始点击登录界面的语言选择
[2018-06-18 15:02:40,969]-[log.py]-INFO:成功选择简体中文
[2018-06-18 15:02:45,288]-[log.py]-INFO:输入用户名
[2018-06-18 15:02:46,024]-[log.py]-INFO:输入密码
[2018-06-18 15:02:46,423]-[log.py]-INFO:点击“保持登录”
[2018-06-18 15:02:46,897]-[log.py]-INFO:点击“登录”按钮
[2018-06-18 15:02:58,167]-[log.py]-INFO:成功点击“后台管理”按钮
[2018-06-18 15:03:02,350]-[log.py]-INFO:成功进入“后台管理”框架
[2018-06-18 15:03:03,125]-[log.py]-INFO:成功点击“组织”按钮
[2018-06-18 15:03:07,067]-[log.py]-INFO:成功点击“新增用户”按钮
[2018-06-18 15:03:12,841]-[log.py]-INFO:输入“用户名”
[2018-06-18 15:03:13,988]-[log.py]-INFO:输入“真实姓名”
[2018-06-18 15:03:14,853]-[log.py]-INFO:性别选择“女”
[2018-06-18 15:03:15,760]-[log.py]-INFO:部门选择“销售”
[2018-06-18 15:03:16,601]-[log.py]-INFO:角色选择“销售”
[2018-06-18 15:03:17,522]-[log.py]-INFO:输入密码
[2018-06-18 15:03:18,231]-[log.py]-INFO:再次输入密码
[2018-06-18 15:03:19,311]-[log.py]-INFO:输入邮箱
[2018-06-18 15:03:20,331]-[log.py]-INFO:点击“提交”按钮
[2018-06-18 15:03:21,257]-[log.py]-INFO:退出“后台管理”框架
[2018-06-18 15:03:21,856]-[log.py]-INFO:用户名不能为空。;用户名应当为字母或数字的组合，至少三位
[2018-06-18 15:15:50,397]-[log.py]-INFO:开始点击登录界面的语言选择
[2018-06-18 15:15:52,441]-[log.py]-INFO:成功选择简体中文
[2018-06-18 15:15:56,766]-[log.py]-INFO:输入用户名
[2018-06-18 15:15:57,390]-[log.py]-INFO:输入密码
[2018-06-18 15:15:57,815]-[log.py]-INFO:点击“保持登录”
[2018-06-18 15:15:58,316]-[log.py]-INFO:点击“登录”按钮
[2018-06-18 15:16:07,446]-[log.py]-INFO:成功点击“后台管理”按钮
[2018-06-18 15:16:11,936]-[log.py]-INFO:成功进入“后台管理”框架
[2018-06-18 15:16:12,758]-[log.py]-INFO:成功点击“组织”按钮
[2018-06-18 15:16:16,435]-[log.py]-INFO:成功点击“新增用户”按钮
[2018-06-18 15:16:22,205]-[log.py]-INFO:输入“用户名”
[2018-06-18 15:16:22,949]-[log.py]-INFO:输入“真实姓名”
[2018-06-18 15:16:24,022]-[log.py]-INFO:性别选择“女”
[2018-06-18 15:16:24,951]-[log.py]-INFO:部门选择“销售”
[2018-06-18 15:16:25,718]-[log.py]-INFO:角色选择“销售”
[2018-06-18 15:16:26,742]-[log.py]-INFO:输入密码
[2018-06-18 15:16:27,859]-[log.py]-INFO:再次输入密码
[2018-06-18 15:16:29,123]-[log.py]-INFO:输入邮箱
[2018-06-18 15:16:29,939]-[log.py]-INFO:点击“提交”按钮
[2018-06-18 15:16:30,840]-[log.py]-INFO:退出“后台管理”框架
[2018-06-18 15:16:37,002]-[log.py]-INFO:进入框架
[2018-06-18 15:24:28,597]-[log.py]-INFO:开始点击登录界面的语言选择
[2018-06-18 15:24:30,504]-[log.py]-INFO:成功选择简体中文
[2018-06-18 15:24:34,787]-[log.py]-INFO:输入用户名
[2018-06-18 15:24:35,555]-[log.py]-INFO:输入密码
[2018-06-18 15:24:35,959]-[log.py]-INFO:点击“保持登录”
[2018-06-18 15:24:36,392]-[log.py]-INFO:点击“登录”按钮
[2018-06-18 15:24:45,666]-[log.py]-INFO:成功点击“后台管理”按钮
[2018-06-18 15:24:49,782]-[log.py]-INFO:成功进入“后台管理”框架
[2018-06-18 15:24:50,550]-[log.py]-INFO:成功点击“组织”按钮
[2018-06-18 15:24:54,199]-[log.py]-INFO:成功点击“新增用户”按钮
[2018-06-18 15:24:59,738]-[log.py]-INFO:输入“用户名”
[2018-06-18 15:25:00,699]-[log.py]-INFO:输入“真实姓名”
[2018-06-18 15:25:01,551]-[log.py]-INFO:性别选择“女”
[2018-06-18 15:25:02,250]-[log.py]-INFO:部门选择“销售”
[2018-06-18 15:25:03,321]-[log.py]-INFO:角色选择“销售”
[2018-06-18 15:25:04,535]-[log.py]-INFO:输入密码
[2018-06-18 15:25:05,448]-[log.py]-INFO:再次输入密码
[2018-06-18 15:25:07,101]-[log.py]-INFO:输入邮箱
[2018-06-18 15:25:08,035]-[log.py]-INFO:点击“提交”按钮
[2018-06-18 15:25:08,961]-[log.py]-INFO:退出“后台管理”框架
[2018-06-18 15:25:15,227]-[log.py]-INFO:进入框架
[2018-06-18 15:30:56,148]-[log.py]-INFO:开始点击登录界面的语言选择
[2018-06-18 15:30:58,225]-[log.py]-INFO:成功选择简体中文
[2018-06-18 15:31:02,539]-[log.py]-INFO:输入用户名
[2018-06-18 15:31:03,143]-[log.py]-INFO:输入密码
[2018-06-18 15:31:03,544]-[log.py]-INFO:点击“保持登录”
[2018-06-18 15:31:04,058]-[log.py]-INFO:点击“登录”按钮
[2018-06-18 15:31:13,307]-[log.py]-INFO:成功点击“后台管理”按钮
[2018-06-18 15:31:17,599]-[log.py]-INFO:成功进入“后台管理”框架
[2018-06-18 15:31:18,400]-[log.py]-INFO:成功点击“组织”按钮
[2018-06-18 15:31:22,251]-[log.py]-INFO:成功点击“新增用户”按钮
[2018-06-18 15:31:27,968]-[log.py]-INFO:输入“用户名”
[2018-06-18 15:31:28,660]-[log.py]-INFO:输入“真实姓名”
[2018-06-18 15:31:29,804]-[log.py]-INFO:性别选择“女”
[2018-06-18 15:31:30,485]-[log.py]-INFO:部门选择“销售”
[2018-06-18 15:31:31,378]-[log.py]-INFO:角色选择“销售”
[2018-06-18 15:31:32,612]-[log.py]-INFO:输入密码
[2018-06-18 15:31:33,748]-[log.py]-INFO:再次输入密码
[2018-06-18 15:31:34,784]-[log.py]-INFO:输入邮箱
[2018-06-18 15:31:35,783]-[log.py]-INFO:点击“提交”按钮
[2018-06-18 15:31:36,845]-[log.py]-INFO:退出“后台管理”框架
[2018-06-18 15:31:40,013]-[log.py]-INFO:进入框架
[2018-06-18 15:34:05,730]-[log.py]-INFO:开始点击登录界面的语言选择
[2018-06-18 15:34:07,774]-[log.py]-INFO:成功选择简体中文
[2018-06-18 15:34:12,112]-[log.py]-INFO:输入用户名
[2018-06-18 15:34:12,773]-[log.py]-INFO:输入密码
[2018-06-18 15:34:13,208]-[log.py]-INFO:点击“保持登录”
[2018-06-18 15:34:13,799]-[log.py]-INFO:点击“登录”按钮
[2018-06-18 15:34:23,383]-[log.py]-INFO:成功点击“后台管理”按钮
[2018-06-18 15:34:27,959]-[log.py]-INFO:成功进入“后台管理”框架
[2018-06-18 15:34:28,937]-[log.py]-INFO:成功点击“组织”按钮
[2018-06-18 15:34:32,753]-[log.py]-INFO:成功点击“新增用户”按钮
[2018-06-18 15:34:38,790]-[log.py]-INFO:输入“用户名”
[2018-06-18 15:34:39,979]-[log.py]-INFO:输入“真实姓名”
[2018-06-18 15:34:40,852]-[log.py]-INFO:性别选择“女”
[2018-06-18 15:34:41,647]-[log.py]-INFO:部门选择“销售”
[2018-06-18 15:34:42,608]-[log.py]-INFO:角色选择“销售”
[2018-06-18 15:34:43,823]-[log.py]-INFO:输入密码
[2018-06-18 15:34:44,541]-[log.py]-INFO:再次输入密码
[2018-06-18 15:34:45,630]-[log.py]-INFO:输入邮箱
[2018-06-18 15:34:46,473]-[log.py]-INFO:点击“提交”按钮
[2018-06-18 15:34:47,320]-[log.py]-INFO:退出“后台管理”框架
[2018-06-18 15:34:50,492]-[log.py]-INFO:进入框架
[2018-06-18 15:34:50,902]-[log.py]-INFO:退出框架
[2018-06-18 15:44:11,616]-[log.py]-INFO:开始点击登录界面的语言选择
[2018-06-18 15:44:13,660]-[log.py]-INFO:成功选择简体中文
[2018-06-18 15:44:18,002]-[log.py]-INFO:输入用户名
[2018-06-18 15:44:18,671]-[log.py]-INFO:输入密码
[2018-06-18 15:44:19,106]-[log.py]-INFO:点击“保持登录”
[2018-06-18 15:44:19,596]-[log.py]-INFO:点击“登录”按钮
[2018-06-18 15:44:29,206]-[log.py]-INFO:成功点击“后台管理”按钮
[2018-06-18 15:44:33,357]-[log.py]-INFO:成功进入“后台管理”框架
[2018-06-18 15:44:34,295]-[log.py]-INFO:成功点击“组织”按钮
[2018-06-18 15:44:37,990]-[log.py]-INFO:成功点击“新增用户”按钮
[2018-06-18 15:44:44,132]-[log.py]-INFO:输入“用户名”
[2018-06-18 15:44:45,371]-[log.py]-INFO:输入“真实姓名”
[2018-06-18 15:44:46,156]-[log.py]-INFO:性别选择“女”
[2018-06-18 15:44:46,764]-[log.py]-INFO:部门选择“销售”
[2018-06-18 15:44:47,477]-[log.py]-INFO:角色选择“销售”
[2018-06-18 15:44:48,309]-[log.py]-INFO:输入密码
[2018-06-18 15:44:48,990]-[log.py]-INFO:再次输入密码
[2018-06-18 15:44:50,021]-[log.py]-INFO:输入邮箱
[2018-06-18 15:44:50,921]-[log.py]-INFO:点击“提交”按钮
[2018-06-18 15:44:51,842]-[log.py]-INFO:退出“后台管理”框架
[2018-06-18 15:44:55,037]-[log.py]-INFO:进入框架
[2018-06-18 15:44:55,430]-[log.py]-INFO:退出框架
[2018-06-18 15:49:37,909]-[log.py]-INFO:开始点击登录界面的语言选择
[2018-06-18 15:49:40,057]-[log.py]-INFO:成功选择简体中文
[2018-06-18 15:49:44,423]-[log.py]-INFO:输入用户名
[2018-06-18 15:49:45,066]-[log.py]-INFO:输入密码
[2018-06-18 15:49:45,497]-[log.py]-INFO:点击“保持登录”
[2018-06-18 15:49:46,020]-[log.py]-INFO:点击“登录”按钮
[2018-06-18 15:49:55,917]-[log.py]-INFO:成功点击“后台管理”按钮
[2018-06-18 15:50:00,125]-[log.py]-INFO:成功进入“后台管理”框架
[2018-06-18 15:50:01,025]-[log.py]-INFO:成功点击“组织”按钮
[2018-06-18 15:50:04,685]-[log.py]-INFO:成功点击“新增用户”按钮
[2018-06-18 15:50:10,464]-[log.py]-INFO:输入“用户名”
[2018-06-18 15:50:11,623]-[log.py]-INFO:输入“真实姓名”
[2018-06-18 15:50:12,345]-[log.py]-INFO:性别选择“女”
[2018-06-18 15:50:13,160]-[log.py]-INFO:部门选择“销售”
[2018-06-18 15:50:14,048]-[log.py]-INFO:角色选择“销售”
[2018-06-18 15:50:15,191]-[log.py]-INFO:输入密码
[2018-06-18 15:50:15,962]-[log.py]-INFO:再次输入密码
[2018-06-18 15:50:17,012]-[log.py]-INFO:输入邮箱
[2018-06-18 15:50:18,047]-[log.py]-INFO:点击“提交”按钮
[2018-06-18 15:50:18,904]-[log.py]-INFO:退出“后台管理”框架
[2018-06-18 15:50:22,072]-[log.py]-INFO:进入框架
[2018-06-18 15:50:22,464]-[log.py]-INFO:退出框架
[2018-06-18 15:50:22,468]-[log.py]-INFO:[用户名]为空，错误提示信息正确！
[2018-06-18 15:50:46,636]-[log.py]-INFO:开始点击登录界面的语言选择
[2018-06-18 15:50:48,811]-[log.py]-INFO:成功选择简体中文
[2018-06-18 15:50:53,192]-[log.py]-INFO:输入用户名
[2018-06-18 15:50:53,886]-[log.py]-INFO:输入密码
[2018-06-18 15:50:54,411]-[log.py]-INFO:点击“保持登录”
[2018-06-18 15:50:54,921]-[log.py]-INFO:点击“登录”按钮
[2018-06-18 15:51:04,853]-[log.py]-INFO:成功点击“后台管理”按钮
[2018-06-18 15:51:09,002]-[log.py]-INFO:成功进入“后台管理”框架
[2018-06-18 15:51:09,980]-[log.py]-INFO:成功点击“组织”按钮
[2018-06-18 15:51:13,672]-[log.py]-INFO:成功点击“新增用户”按钮
[2018-06-18 15:51:19,788]-[log.py]-INFO:输入“用户名”
[2018-06-18 15:51:20,827]-[log.py]-INFO:输入“真实姓名”
[2018-06-18 15:51:21,800]-[log.py]-INFO:性别选择“男”
[2018-06-18 15:51:22,533]-[log.py]-INFO:部门选择“销售”
[2018-06-18 15:51:23,629]-[log.py]-INFO:角色选择“销售”
[2018-06-18 15:51:24,687]-[log.py]-INFO:输入密码
[2018-06-18 15:51:25,421]-[log.py]-INFO:再次输入密码
[2018-06-18 15:51:26,556]-[log.py]-INFO:输入邮箱
[2018-06-18 15:51:27,510]-[log.py]-INFO:点击“提交”按钮
[2018-06-18 15:51:28,388]-[log.py]-INFO:退出“后台管理”框架
[2018-06-18 15:51:31,651]-[log.py]-INFO:进入框架
[2018-06-18 15:52:04,370]-[log.py]-INFO:开始点击登录界面的语言选择
[2018-06-18 15:52:06,413]-[log.py]-INFO:成功选择简体中文
[2018-06-18 15:52:10,698]-[log.py]-INFO:输入用户名
[2018-06-18 15:52:11,390]-[log.py]-INFO:输入密码
[2018-06-18 15:52:11,808]-[log.py]-INFO:点击“保持登录”
[2018-06-18 15:52:12,285]-[log.py]-INFO:点击“登录”按钮
[2018-06-18 15:52:21,838]-[log.py]-INFO:成功点击“后台管理”按钮
[2018-06-18 15:52:26,040]-[log.py]-INFO:成功进入“后台管理”框架
[2018-06-18 15:52:26,837]-[log.py]-INFO:成功点击“组织”按钮
[2018-06-18 15:52:30,387]-[log.py]-INFO:成功点击“新增用户”按钮
[2018-06-18 15:52:36,324]-[log.py]-INFO:输入“用户名”
[2018-06-18 15:52:37,071]-[log.py]-INFO:输入“真实姓名”
[2018-06-18 15:52:37,701]-[log.py]-INFO:性别选择“男”
[2018-06-18 15:52:38,463]-[log.py]-INFO:部门选择“销售”
[2018-06-18 15:52:39,161]-[log.py]-INFO:角色选择“销售”
[2018-06-18 15:52:40,318]-[log.py]-INFO:输入密码
[2018-06-18 15:52:41,232]-[log.py]-INFO:再次输入密码
[2018-06-18 15:52:42,748]-[log.py]-INFO:输入邮箱
[2018-06-18 15:52:43,807]-[log.py]-INFO:点击“提交”按钮
[2018-06-18 15:52:44,724]-[log.py]-INFO:退出“后台管理”框架
[2018-06-18 15:52:47,903]-[log.py]-INFO:进入框架
[2018-06-18 15:53:21,498]-[log.py]-INFO:开始点击登录界面的语言选择
[2018-06-18 15:53:23,572]-[log.py]-INFO:成功选择简体中文
[2018-06-18 15:53:27,890]-[log.py]-INFO:输入用户名
[2018-06-18 15:53:28,532]-[log.py]-INFO:输入密码
[2018-06-18 15:53:28,988]-[log.py]-INFO:点击“保持登录”
[2018-06-18 15:53:29,486]-[log.py]-INFO:点击“登录”按钮
[2018-06-18 15:53:38,616]-[log.py]-INFO:成功点击“后台管理”按钮
[2018-06-18 15:53:42,853]-[log.py]-INFO:成功进入“后台管理”框架
[2018-06-18 15:53:43,869]-[log.py]-INFO:成功点击“组织”按钮
[2018-06-18 15:53:47,976]-[log.py]-INFO:成功点击“新增用户”按钮
[2018-06-18 15:53:53,941]-[log.py]-INFO:输入“用户名”
[2018-06-18 15:53:55,157]-[log.py]-INFO:输入“真实姓名”
[2018-06-18 15:53:56,191]-[log.py]-INFO:性别选择“男”
[2018-06-18 15:53:57,072]-[log.py]-INFO:部门选择“销售”
[2018-06-18 15:53:58,013]-[log.py]-INFO:角色选择“销售”
[2018-06-18 15:53:59,011]-[log.py]-INFO:输入密码
[2018-06-18 15:53:59,870]-[log.py]-INFO:再次输入密码
[2018-06-18 15:54:00,401]-[log.py]-INFO:输入邮箱
[2018-06-18 15:54:01,264]-[log.py]-INFO:点击“提交”按钮
[2018-06-18 15:54:02,164]-[log.py]-INFO:退出“后台管理”框架
[2018-06-18 15:54:05,418]-[log.py]-INFO:进入框架
[2018-06-18 22:04:30,399]-[log.py]-INFO:开始点击登录界面的语言选择
[2018-06-18 22:04:32,552]-[log.py]-INFO:成功选择简体中文
[2018-06-18 22:04:36,901]-[log.py]-INFO:输入用户名
[2018-06-18 22:04:37,560]-[log.py]-INFO:输入密码
[2018-06-18 22:04:38,016]-[log.py]-INFO:点击“保持登录”
[2018-06-18 22:04:38,565]-[log.py]-INFO:点击“登录”按钮
[2018-06-18 22:04:48,665]-[log.py]-INFO:成功点击“后台管理”按钮
[2018-06-18 22:04:53,002]-[log.py]-INFO:成功进入“后台管理”框架
[2018-06-18 22:04:53,929]-[log.py]-INFO:成功点击“组织”按钮
[2018-06-18 22:04:57,643]-[log.py]-INFO:成功点击“新增用户”按钮
[2018-06-18 22:05:03,931]-[log.py]-INFO:输入“用户名”
[2018-06-18 22:05:04,669]-[log.py]-INFO:输入“真实姓名”
[2018-06-18 22:05:05,300]-[log.py]-INFO:性别选择“女”
[2018-06-18 22:05:05,982]-[log.py]-INFO:部门选择“销售”
[2018-06-18 22:05:06,720]-[log.py]-INFO:角色选择“销售”
[2018-06-18 22:05:07,483]-[log.py]-INFO:输入密码
[2018-06-18 22:05:08,194]-[log.py]-INFO:再次输入密码
[2018-06-18 22:05:09,364]-[log.py]-INFO:输入邮箱
[2018-06-18 22:05:10,401]-[log.py]-INFO:点击“提交”按钮
[2018-06-18 22:05:11,344]-[log.py]-INFO:退出“后台管理”框架
[2018-06-18 22:05:14,520]-[log.py]-INFO:进入框架
[2018-06-18 22:05:14,835]-[log.py]-INFO:退出框架
[2018-06-18 22:05:14,842]-[log.py]-INFO:[用户名]为空，错误提示信息正确！
[2018-06-18 22:05:38,114]-[log.py]-INFO:开始点击登录界面的语言选择
[2018-06-18 22:05:40,209]-[log.py]-INFO:成功选择简体中文
[2018-06-18 22:05:44,539]-[log.py]-INFO:输入用户名
[2018-06-18 22:05:45,214]-[log.py]-INFO:输入密码
[2018-06-18 22:05:45,653]-[log.py]-INFO:点击“保持登录”
[2018-06-18 22:05:46,157]-[log.py]-INFO:点击“登录”按钮
[2018-06-18 22:05:56,299]-[log.py]-INFO:成功点击“后台管理”按钮
[2018-06-18 22:06:00,510]-[log.py]-INFO:成功进入“后台管理”框架
[2018-06-18 22:06:01,341]-[log.py]-INFO:成功点击“组织”按钮
[2018-06-18 22:06:04,964]-[log.py]-INFO:成功点击“新增用户”按钮
[2018-06-18 22:06:10,773]-[log.py]-INFO:输入“用户名”
[2018-06-18 22:06:11,309]-[log.py]-INFO:输入“真实姓名”
[2018-06-18 22:06:12,019]-[log.py]-INFO:性别选择“男”
[2018-06-18 22:06:12,688]-[log.py]-INFO:部门选择“销售”
[2018-06-18 22:06:13,948]-[log.py]-INFO:角色选择“销售”
[2018-06-18 22:06:14,892]-[log.py]-INFO:输入密码
[2018-06-18 22:06:15,681]-[log.py]-INFO:再次输入密码
[2018-06-18 22:06:17,506]-[log.py]-INFO:输入邮箱
[2018-06-18 22:06:18,633]-[log.py]-INFO:点击“提交”按钮
[2018-06-18 22:06:19,610]-[log.py]-INFO:退出“后台管理”框架
[2018-06-18 22:06:22,793]-[log.py]-INFO:进入框架
[2018-06-18 22:06:33,190]-[log.py]-INFO:退出框架
[2018-06-18 22:06:33,198]-[log.py]-INFO:[真实姓名]为空，错误提示信息正确！
[2018-06-18 22:06:57,186]-[log.py]-INFO:开始点击登录界面的语言选择
[2018-06-18 22:06:59,530]-[log.py]-INFO:成功选择简体中文
[2018-06-18 22:07:03,723]-[log.py]-INFO:输入用户名
[2018-06-18 22:07:04,363]-[log.py]-INFO:输入密码
[2018-06-18 22:07:04,829]-[log.py]-INFO:点击“保持登录”
[2018-06-18 22:07:05,401]-[log.py]-INFO:点击“登录”按钮
[2018-06-18 22:07:14,977]-[log.py]-INFO:成功点击“后台管理”按钮
[2018-06-18 22:07:19,158]-[log.py]-INFO:成功进入“后台管理”框架
[2018-06-18 22:07:19,963]-[log.py]-INFO:成功点击“组织”按钮
[2018-06-18 22:07:24,178]-[log.py]-INFO:成功点击“新增用户”按钮
[2018-06-18 22:07:30,275]-[log.py]-INFO:输入“用户名”
[2018-06-18 22:07:31,776]-[log.py]-INFO:输入“真实姓名”
[2018-06-18 22:07:32,713]-[log.py]-INFO:性别选择“男”
[2018-06-18 22:07:33,563]-[log.py]-INFO:部门选择“销售”
[2018-06-18 22:07:34,782]-[log.py]-INFO:角色选择“销售”
[2018-06-18 22:07:35,584]-[log.py]-INFO:输入密码
[2018-06-18 22:07:36,332]-[log.py]-INFO:再次输入密码
[2018-06-18 22:07:37,497]-[log.py]-INFO:输入邮箱
[2018-06-18 22:07:38,533]-[log.py]-INFO:点击“提交”按钮
[2018-06-18 22:07:39,370]-[log.py]-INFO:退出“后台管理”框架
[2018-06-18 22:07:42,564]-[log.py]-INFO:进入框架
[2018-06-18 22:08:03,105]-[log.py]-INFO:退出框架
[2018-06-18 22:08:03,112]-[log.py]-INFO:[密码]为空，错误提示信息正确！
[2018-06-18 22:08:27,197]-[log.py]-INFO:开始点击登录界面的语言选择
[2018-06-18 22:08:29,368]-[log.py]-INFO:成功选择简体中文
[2018-06-18 22:08:33,725]-[log.py]-INFO:输入用户名
[2018-06-18 22:08:34,372]-[log.py]-INFO:输入密码
[2018-06-18 22:08:34,811]-[log.py]-INFO:点击“保持登录”
[2018-06-18 22:08:35,410]-[log.py]-INFO:点击“登录”按钮
[2018-06-18 22:08:45,206]-[log.py]-INFO:成功点击“后台管理”按钮
[2018-06-18 22:08:49,841]-[log.py]-INFO:成功进入“后台管理”框架
[2018-06-18 22:08:50,772]-[log.py]-INFO:成功点击“组织”按钮
[2018-06-18 22:08:54,848]-[log.py]-INFO:成功点击“新增用户”按钮
[2018-06-18 22:09:00,936]-[log.py]-INFO:输入“用户名”
[2018-06-18 22:09:02,336]-[log.py]-INFO:输入“真实姓名”
[2018-06-18 22:09:03,230]-[log.py]-INFO:性别选择“男”
[2018-06-18 22:09:04,425]-[log.py]-INFO:部门选择“销售”
[2018-06-18 22:09:06,345]-[log.py]-INFO:角色选择“销售”
[2018-06-18 22:09:07,390]-[log.py]-INFO:输入密码
[2018-06-18 22:09:08,359]-[log.py]-INFO:再次输入密码
[2018-06-18 22:09:09,057]-[log.py]-INFO:输入邮箱
[2018-06-18 22:09:09,976]-[log.py]-INFO:点击“提交”按钮
[2018-06-18 22:09:10,950]-[log.py]-INFO:退出“后台管理”框架
[2018-06-18 22:09:14,129]-[log.py]-INFO:进入框架
[2018-06-18 22:09:44,682]-[log.py]-INFO:退出框架
[2018-06-18 22:09:44,689]-[log.py]-INFO:[邮箱]为空，错误提示信息正确！
[2018-06-18 22:20:29,304]-[log.py]-INFO:开始点击登录界面的语言选择
[2018-06-18 22:20:31,957]-[log.py]-INFO:成功选择简体中文
[2018-06-18 22:20:36,257]-[log.py]-INFO:输入用户名
[2018-06-18 22:20:36,973]-[log.py]-INFO:输入密码
[2018-06-18 22:20:37,442]-[log.py]-INFO:点击“保持登录”
[2018-06-18 22:20:37,955]-[log.py]-INFO:点击“登录”按钮
[2018-06-18 22:20:48,364]-[log.py]-INFO:成功点击“后台管理”按钮
[2018-06-18 22:20:52,835]-[log.py]-INFO:成功进入“后台管理”框架
[2018-06-18 22:20:53,854]-[log.py]-INFO:成功点击“组织”按钮
[2018-06-18 22:20:57,900]-[log.py]-INFO:成功点击“新增用户”按钮
[2018-06-18 22:21:03,677]-[log.py]-INFO:输入“用户名”
[2018-06-18 22:21:04,882]-[log.py]-INFO:输入“真实姓名”
[2018-06-18 22:21:05,747]-[log.py]-INFO:性别选择“女”
[2018-06-18 22:21:06,647]-[log.py]-INFO:部门选择“销售”
[2018-06-18 22:21:07,613]-[log.py]-INFO:角色选择“销售”
[2018-06-18 22:21:08,566]-[log.py]-INFO:输入密码
[2018-06-18 22:21:09,468]-[log.py]-INFO:再次输入密码
[2018-06-18 22:21:10,574]-[log.py]-INFO:输入邮箱
[2018-06-18 22:21:11,614]-[log.py]-INFO:点击“提交”按钮
[2018-06-18 22:21:12,531]-[log.py]-INFO:退出“后台管理”框架
[2018-06-18 22:21:14,799]-[log.py]-INFO:进入框架
[2018-06-18 22:21:15,096]-[log.py]-INFO:退出框架
[2018-06-18 22:21:15,099]-[log.py]-INFO:[用户名]为空，错误提示信息正确！
[2018-06-18 22:21:36,359]-[log.py]-INFO:开始点击登录界面的语言选择
[2018-06-18 22:21:38,547]-[log.py]-INFO:成功选择简体中文
[2018-06-18 22:21:42,954]-[log.py]-INFO:输入用户名
[2018-06-18 22:21:43,599]-[log.py]-INFO:输入密码
[2018-06-18 22:21:44,049]-[log.py]-INFO:点击“保持登录”
[2018-06-18 22:21:44,575]-[log.py]-INFO:点击“登录”按钮
[2018-06-18 22:21:55,005]-[log.py]-INFO:成功点击“后台管理”按钮
[2018-06-18 22:21:59,151]-[log.py]-INFO:成功进入“后台管理”框架
[2018-06-18 22:22:00,101]-[log.py]-INFO:成功点击“组织”按钮
[2018-06-18 22:22:04,026]-[log.py]-INFO:成功点击“新增用户”按钮
[2018-06-18 22:22:10,060]-[log.py]-INFO:输入“用户名”
[2018-06-18 22:22:10,614]-[log.py]-INFO:输入“真实姓名”
[2018-06-18 22:22:11,404]-[log.py]-INFO:性别选择“男”
[2018-06-18 22:22:12,336]-[log.py]-INFO:部门选择“销售”
[2018-06-18 22:22:13,231]-[log.py]-INFO:角色选择“销售”
[2018-06-18 22:22:14,063]-[log.py]-INFO:输入密码
[2018-06-18 22:22:15,098]-[log.py]-INFO:再次输入密码
[2018-06-18 22:22:16,555]-[log.py]-INFO:输入邮箱
[2018-06-18 22:22:17,594]-[log.py]-INFO:点击“提交”按钮
[2018-06-18 22:22:18,545]-[log.py]-INFO:退出“后台管理”框架
[2018-06-18 22:22:20,731]-[log.py]-INFO:进入框架
[2018-06-18 22:22:31,189]-[log.py]-INFO:退出框架
[2018-06-18 22:22:31,193]-[log.py]-INFO:[真实姓名]为空，错误提示信息正确！
[2018-06-18 22:22:53,096]-[log.py]-INFO:开始点击登录界面的语言选择
[2018-06-18 22:22:55,253]-[log.py]-INFO:成功选择简体中文
[2018-06-18 22:22:59,642]-[log.py]-INFO:输入用户名
[2018-06-18 22:23:00,350]-[log.py]-INFO:输入密码
[2018-06-18 22:23:00,794]-[log.py]-INFO:点击“保持登录”
[2018-06-18 22:23:01,375]-[log.py]-INFO:点击“登录”按钮
[2018-06-18 22:23:11,667]-[log.py]-INFO:成功点击“后台管理”按钮
[2018-06-18 22:23:16,199]-[log.py]-INFO:成功进入“后台管理”框架
[2018-06-18 22:23:17,289]-[log.py]-INFO:成功点击“组织”按钮
[2018-06-18 22:23:21,080]-[log.py]-INFO:成功点击“新增用户”按钮
[2018-06-18 22:23:27,128]-[log.py]-INFO:输入“用户名”
[2018-06-18 22:23:27,860]-[log.py]-INFO:输入“真实姓名”
[2018-06-18 22:23:29,213]-[log.py]-INFO:性别选择“男”
[2018-06-18 22:23:29,947]-[log.py]-INFO:部门选择“销售”
[2018-06-18 22:23:30,747]-[log.py]-INFO:角色选择“销售”
[2018-06-18 22:23:31,590]-[log.py]-INFO:输入密码
[2018-06-18 22:23:32,596]-[log.py]-INFO:再次输入密码
[2018-06-18 22:23:33,960]-[log.py]-INFO:输入邮箱
[2018-06-18 22:23:34,983]-[log.py]-INFO:点击“提交”按钮
[2018-06-18 22:23:35,969]-[log.py]-INFO:退出“后台管理”框架
[2018-06-18 22:23:38,146]-[log.py]-INFO:进入框架
[2018-06-18 22:23:58,672]-[log.py]-INFO:退出框架
[2018-06-18 22:23:58,676]-[log.py]-INFO:[密码]为空，错误提示信息正确！
[2018-06-18 22:24:23,109]-[log.py]-INFO:开始点击登录界面的语言选择
[2018-06-18 22:24:25,287]-[log.py]-INFO:成功选择简体中文
[2018-06-18 22:24:29,566]-[log.py]-INFO:输入用户名
[2018-06-18 22:24:30,288]-[log.py]-INFO:输入密码
[2018-06-18 22:24:30,751]-[log.py]-INFO:点击“保持登录”
[2018-06-18 22:24:31,360]-[log.py]-INFO:点击“登录”按钮
[2018-06-18 22:24:40,970]-[log.py]-INFO:成功点击“后台管理”按钮
[2018-06-18 22:24:45,185]-[log.py]-INFO:成功进入“后台管理”框架
[2018-06-18 22:24:46,037]-[log.py]-INFO:成功点击“组织”按钮
[2018-06-18 22:24:50,259]-[log.py]-INFO:成功点击“新增用户”按钮
[2018-06-18 22:24:56,318]-[log.py]-INFO:输入“用户名”
[2018-06-18 22:24:57,415]-[log.py]-INFO:输入“真实姓名”
[2018-06-18 22:24:58,396]-[log.py]-INFO:性别选择“男”
[2018-06-18 22:24:59,096]-[log.py]-INFO:部门选择“销售”
[2018-06-18 22:25:00,286]-[log.py]-INFO:角色选择“销售”
[2018-06-18 22:25:01,418]-[log.py]-INFO:输入密码
[2018-06-18 22:25:02,157]-[log.py]-INFO:再次输入密码
[2018-06-18 22:25:02,726]-[log.py]-INFO:输入邮箱
[2018-06-18 22:25:03,640]-[log.py]-INFO:点击“提交”按钮
[2018-06-18 22:25:04,479]-[log.py]-INFO:退出“后台管理”框架
[2018-06-18 22:25:06,662]-[log.py]-INFO:进入框架
[2018-06-18 22:25:37,256]-[log.py]-INFO:退出框架
[2018-06-18 22:25:37,259]-[log.py]-INFO:[邮箱]为空，错误提示信息正确！
[2018-06-18 22:58:24,418]-[log.py]-INFO:开始点击登录界面的语言选择
[2018-06-18 22:58:26,733]-[log.py]-INFO:成功选择简体中文
[2018-06-18 22:58:31,128]-[log.py]-INFO:输入用户名
[2018-06-18 22:58:31,815]-[log.py]-INFO:输入密码
[2018-06-18 22:58:32,283]-[log.py]-INFO:点击“保持登录”
[2018-06-18 22:58:32,839]-[log.py]-INFO:点击“登录”按钮
[2018-06-18 22:58:43,735]-[log.py]-INFO:成功点击“后台管理”按钮
[2018-06-18 22:58:48,369]-[log.py]-INFO:成功进入“后台管理”框架
[2018-06-18 22:58:49,329]-[log.py]-INFO:成功点击“组织”按钮
[2018-06-18 22:58:53,552]-[log.py]-INFO:成功点击“新增用户”按钮
[2018-06-18 22:58:59,734]-[log.py]-INFO:输入“用户名”
[2018-06-18 22:59:00,968]-[log.py]-INFO:输入“真实姓名”
[2018-06-18 22:59:01,848]-[log.py]-INFO:性别选择“女”
[2018-06-18 22:59:02,782]-[log.py]-INFO:部门选择“销售”
[2018-06-18 22:59:03,787]-[log.py]-INFO:角色选择“销售”
[2018-06-18 22:59:04,619]-[log.py]-INFO:输入密码
[2018-06-18 22:59:05,320]-[log.py]-INFO:再次输入密码
[2018-06-18 22:59:06,485]-[log.py]-INFO:输入邮箱
[2018-06-18 22:59:07,556]-[log.py]-INFO:点击“提交”按钮
[2018-06-18 22:59:08,548]-[log.py]-INFO:退出“后台管理”框架
[2018-06-18 22:59:10,758]-[log.py]-INFO:进入框架
[2018-06-18 22:59:11,110]-[log.py]-INFO:退出框架
[2018-06-18 22:59:11,119]-[log.py]-INFO:[用户名]为空，错误提示信息正确！
[2018-06-18 22:59:33,999]-[log.py]-INFO:开始点击登录界面的语言选择
[2018-06-18 22:59:36,030]-[log.py]-INFO:成功选择简体中文
[2018-06-18 22:59:40,339]-[log.py]-INFO:输入用户名
[2018-06-18 22:59:41,138]-[log.py]-INFO:输入密码
[2018-06-18 22:59:41,621]-[log.py]-INFO:点击“保持登录”
[2018-06-18 22:59:42,183]-[log.py]-INFO:点击“登录”按钮
[2018-06-18 22:59:52,140]-[log.py]-INFO:成功点击“后台管理”按钮
[2018-06-18 22:59:56,525]-[log.py]-INFO:成功进入“后台管理”框架
[2018-06-18 22:59:57,505]-[log.py]-INFO:成功点击“组织”按钮
[2018-06-18 23:00:01,610]-[log.py]-INFO:成功点击“新增用户”按钮
[2018-06-18 23:00:07,708]-[log.py]-INFO:输入“用户名”
[2018-06-18 23:00:08,254]-[log.py]-INFO:输入“真实姓名”
[2018-06-18 23:00:09,509]-[log.py]-INFO:性别选择“男”
[2018-06-18 23:00:10,415]-[log.py]-INFO:部门选择“销售”
[2018-06-18 23:00:11,323]-[log.py]-INFO:角色选择“销售”
[2018-06-18 23:00:12,561]-[log.py]-INFO:输入密码
[2018-06-18 23:00:13,507]-[log.py]-INFO:再次输入密码
[2018-06-18 23:00:14,716]-[log.py]-INFO:输入邮箱
[2018-06-18 23:00:15,816]-[log.py]-INFO:点击“提交”按钮
[2018-06-18 23:00:16,736]-[log.py]-INFO:退出“后台管理”框架
[2018-06-18 23:00:18,914]-[log.py]-INFO:进入框架
[2018-06-18 23:00:29,349]-[log.py]-INFO:退出框架
[2018-06-18 23:00:29,352]-[log.py]-INFO:[真实姓名]为空，错误提示信息正确！
[2018-06-18 23:00:49,902]-[log.py]-INFO:开始点击登录界面的语言选择
[2018-06-18 23:00:52,235]-[log.py]-INFO:成功选择简体中文
[2018-06-18 23:00:56,542]-[log.py]-INFO:输入用户名
[2018-06-18 23:00:57,252]-[log.py]-INFO:输入密码
[2018-06-18 23:00:57,749]-[log.py]-INFO:点击“保持登录”
[2018-06-18 23:00:58,228]-[log.py]-INFO:点击“登录”按钮
[2018-06-18 23:01:07,844]-[log.py]-INFO:成功点击“后台管理”按钮
[2018-06-18 23:01:12,058]-[log.py]-INFO:成功进入“后台管理”框架
[2018-06-18 23:01:12,945]-[log.py]-INFO:成功点击“组织”按钮
[2018-06-18 23:01:17,029]-[log.py]-INFO:成功点击“新增用户”按钮
[2018-06-18 23:01:23,000]-[log.py]-INFO:输入“用户名”
[2018-06-18 23:01:23,767]-[log.py]-INFO:输入“真实姓名”
[2018-06-18 23:01:24,494]-[log.py]-INFO:性别选择“男”
[2018-06-18 23:01:25,154]-[log.py]-INFO:部门选择“销售”
[2018-06-18 23:01:25,801]-[log.py]-INFO:角色选择“销售”
[2018-06-18 23:01:26,999]-[log.py]-INFO:输入密码
[2018-06-18 23:01:27,955]-[log.py]-INFO:再次输入密码
[2018-06-18 23:01:29,587]-[log.py]-INFO:输入邮箱
[2018-06-18 23:01:30,988]-[log.py]-INFO:点击“提交”按钮
[2018-06-18 23:01:31,910]-[log.py]-INFO:退出“后台管理”框架
[2018-06-18 23:01:34,095]-[log.py]-INFO:进入框架
[2018-06-18 23:01:54,548]-[log.py]-INFO:退出框架
[2018-06-18 23:01:54,552]-[log.py]-INFO:[密码]为空，错误提示信息正确！
[2018-06-18 23:02:17,221]-[log.py]-INFO:开始点击登录界面的语言选择
[2018-06-18 23:02:19,340]-[log.py]-INFO:成功选择简体中文
[2018-06-18 23:02:23,782]-[log.py]-INFO:输入用户名
[2018-06-18 23:02:24,520]-[log.py]-INFO:输入密码
[2018-06-18 23:02:24,986]-[log.py]-INFO:点击“保持登录”
[2018-06-18 23:02:25,523]-[log.py]-INFO:点击“登录”按钮
[2018-06-18 23:02:35,380]-[log.py]-INFO:成功点击“后台管理”按钮
[2018-06-18 23:02:39,850]-[log.py]-INFO:成功进入“后台管理”框架
[2018-06-18 23:02:40,813]-[log.py]-INFO:成功点击“组织”按钮
[2018-06-18 23:02:44,796]-[log.py]-INFO:成功点击“新增用户”按钮
[2018-06-18 23:02:50,889]-[log.py]-INFO:输入“用户名”
[2018-06-18 23:02:52,102]-[log.py]-INFO:输入“真实姓名”
[2018-06-18 23:02:53,176]-[log.py]-INFO:性别选择“男”
[2018-06-18 23:02:54,077]-[log.py]-INFO:部门选择“销售”
[2018-06-18 23:02:55,245]-[log.py]-INFO:角色选择“销售”
[2018-06-18 23:02:56,272]-[log.py]-INFO:输入密码
[2018-06-18 23:02:56,999]-[log.py]-INFO:再次输入密码
[2018-06-18 23:02:57,563]-[log.py]-INFO:输入邮箱
[2018-06-18 23:02:58,376]-[log.py]-INFO:点击“提交”按钮
[2018-06-18 23:02:59,339]-[log.py]-INFO:退出“后台管理”框架
[2018-06-18 23:03:01,558]-[log.py]-INFO:进入框架
[2018-06-18 23:03:32,111]-[log.py]-INFO:退出框架
[2018-06-18 23:03:32,114]-[log.py]-INFO:[邮箱]为空，错误提示信息正确！
[2018-06-18 23:03:54,737]-[log.py]-INFO:开始点击登录界面的语言选择
[2018-06-18 23:03:56,854]-[log.py]-INFO:成功选择简体中文
[2018-06-18 23:04:01,259]-[log.py]-INFO:输入用户名
[2018-06-18 23:04:01,979]-[log.py]-INFO:输入密码
[2018-06-18 23:04:02,417]-[log.py]-INFO:点击“保持登录”
[2018-06-18 23:04:02,923]-[log.py]-INFO:点击“登录”按钮
[2018-06-18 23:04:12,470]-[log.py]-INFO:成功点击“后台管理”按钮
[2018-06-18 23:04:16,782]-[log.py]-INFO:成功进入“后台管理”框架
[2018-06-18 23:04:17,641]-[log.py]-INFO:成功点击“组织”按钮
[2018-06-18 23:04:21,289]-[log.py]-INFO:成功点击“新增用户”按钮
[2018-06-18 23:04:27,296]-[log.py]-INFO:输入“用户名”
[2018-06-18 23:04:28,453]-[log.py]-INFO:输入“真实姓名”
[2018-06-18 23:04:29,402]-[log.py]-INFO:性别选择“女”
[2018-06-18 23:04:30,151]-[log.py]-INFO:部门选择“销售”
[2018-06-18 23:04:31,104]-[log.py]-INFO:角色选择“销售”
[2018-06-18 23:04:32,165]-[log.py]-INFO:输入密码
[2018-06-18 23:04:32,997]-[log.py]-INFO:再次输入密码
[2018-06-18 23:04:34,203]-[log.py]-INFO:输入邮箱
[2018-06-18 23:04:35,129]-[log.py]-INFO:点击“提交”按钮
[2018-06-18 23:04:35,934]-[log.py]-INFO:退出“后台管理”框架
[2018-06-18 23:04:39,206]-[log.py]-INFO:进入“后台管理”框架
[2018-06-18 23:04:50,126]-[log.py]-INFO:成功退出“后台管理”框架
[2018-06-18 23:04:50,802]-[log.py]-INFO:成功点击“后台管理”按钮
[2018-06-18 23:04:54,819]-[log.py]-INFO:成功进入“后台管理”框架
[2018-06-18 23:04:55,734]-[log.py]-INFO:成功点击“组织”按钮
[2018-06-18 23:04:59,795]-[log.py]-INFO:成功点击“新增用户”按钮
[2018-06-18 23:05:06,053]-[log.py]-INFO:输入“用户名”
[2018-06-18 23:05:06,835]-[log.py]-INFO:输入“真实姓名”
[2018-06-18 23:05:07,481]-[log.py]-INFO:性别选择“男”
[2018-06-18 23:05:08,099]-[log.py]-INFO:部门选择“销售”
[2018-06-18 23:05:08,766]-[log.py]-INFO:角色选择“销售”
[2018-06-18 23:05:09,539]-[log.py]-INFO:输入密码
[2018-06-18 23:05:10,252]-[log.py]-INFO:再次输入密码
[2018-06-18 23:05:11,478]-[log.py]-INFO:输入邮箱
[2018-06-18 23:05:12,270]-[log.py]-INFO:点击“提交”按钮
[2018-06-18 23:05:13,236]-[log.py]-INFO:退出“后台管理”框架
[2018-06-18 23:05:16,501]-[log.py]-INFO:进入“后台管理”框架
[2018-06-18 23:05:26,805]-[log.py]-INFO:成功退出“后台管理”框架
[2018-06-18 23:05:27,498]-[log.py]-INFO:成功点击“后台管理”按钮
[2018-06-18 23:05:31,458]-[log.py]-INFO:成功进入“后台管理”框架
[2018-06-18 23:05:32,278]-[log.py]-INFO:成功点击“组织”按钮
[2018-06-18 23:05:36,014]-[log.py]-INFO:成功点击“新增用户”按钮
[2018-06-18 23:05:42,033]-[log.py]-INFO:输入“用户名”
[2018-06-18 23:05:42,741]-[log.py]-INFO:输入“真实姓名”
[2018-06-18 23:05:43,388]-[log.py]-INFO:性别选择“女”
[2018-06-18 23:05:44,115]-[log.py]-INFO:部门选择“销售”
[2018-06-18 23:05:44,912]-[log.py]-INFO:角色选择“销售”
[2018-06-18 23:05:45,749]-[log.py]-INFO:输入密码
[2018-06-18 23:05:46,461]-[log.py]-INFO:再次输入密码
[2018-06-18 23:05:47,576]-[log.py]-INFO:输入邮箱
[2018-06-18 23:05:48,363]-[log.py]-INFO:点击“提交”按钮
[2018-06-18 23:05:49,281]-[log.py]-INFO:退出“后台管理”框架
[2018-06-18 23:05:52,480]-[log.py]-INFO:进入“后台管理”框架
[2018-06-18 23:06:03,165]-[log.py]-INFO:成功退出“后台管理”框架
[2018-06-18 23:06:04,000]-[log.py]-INFO:成功点击“后台管理”按钮
[2018-06-18 23:06:07,913]-[log.py]-INFO:成功进入“后台管理”框架
[2018-06-18 23:06:08,691]-[log.py]-INFO:成功点击“组织”按钮
[2018-06-18 23:06:12,470]-[log.py]-INFO:成功点击“新增用户”按钮
[2018-06-18 23:06:18,861]-[log.py]-INFO:输入“用户名”
[2018-06-18 23:06:19,584]-[log.py]-INFO:输入“真实姓名”
[2018-06-18 23:06:20,341]-[log.py]-INFO:性别选择“男”
[2018-06-18 23:06:20,978]-[log.py]-INFO:部门选择“销售”
[2018-06-18 23:06:21,682]-[log.py]-INFO:角色选择“销售”
[2018-06-18 23:06:22,453]-[log.py]-INFO:输入密码
[2018-06-18 23:06:23,148]-[log.py]-INFO:再次输入密码
[2018-06-18 23:06:24,180]-[log.py]-INFO:输入邮箱
[2018-06-18 23:06:25,158]-[log.py]-INFO:点击“提交”按钮
[2018-06-18 23:06:25,951]-[log.py]-INFO:退出“后台管理”框架
[2018-06-18 23:06:29,225]-[log.py]-INFO:进入“后台管理”框架
[2018-06-18 23:06:40,074]-[log.py]-INFO:成功退出“后台管理”框架
[2018-06-18 23:06:40,960]-[log.py]-INFO:成功点击“后台管理”按钮
[2018-06-18 23:06:44,972]-[log.py]-INFO:成功进入“后台管理”框架
[2018-06-18 23:06:45,768]-[log.py]-INFO:成功点击“组织”按钮
[2018-06-18 23:06:49,853]-[log.py]-INFO:成功点击“新增用户”按钮
[2018-06-18 23:06:55,593]-[log.py]-INFO:输入“用户名”
[2018-06-18 23:06:56,305]-[log.py]-INFO:输入“真实姓名”
[2018-06-18 23:06:56,960]-[log.py]-INFO:性别选择“女”
[2018-06-18 23:06:57,611]-[log.py]-INFO:部门选择“销售”
[2018-06-18 23:06:58,261]-[log.py]-INFO:角色选择“销售”
[2018-06-18 23:06:59,047]-[log.py]-INFO:输入密码
[2018-06-18 23:06:59,741]-[log.py]-INFO:再次输入密码
[2018-06-18 23:07:01,003]-[log.py]-INFO:输入邮箱
[2018-06-18 23:07:01,885]-[log.py]-INFO:点击“提交”按钮
[2018-06-18 23:07:02,782]-[log.py]-INFO:退出“后台管理”框架
[2018-06-18 23:07:05,979]-[log.py]-INFO:进入“后台管理”框架
[2018-06-18 23:07:26,878]-[log.py]-INFO:成功退出“后台管理”框架
