[2018-06-03 13:06:43,806]-[log.py]-INFO:切换简体成功！
[2018-06-03 13:06:46,905]-[log.py]-INFO:切换繁体成功！
[2018-06-03 13:07:11,702]-[log.py]-INFO:切换英文成功！
[2018-06-03 15:00:21,924]-[log.py]-INFO:切换简体成功！
[2018-06-03 15:00:24,514]-[log.py]-INFO:切换繁体成功！
[2018-06-03 15:00:31,931]-[log.py]-INFO:切换英文成功！
[2018-06-03 15:01:30,766]-[log.py]-INFO:切换简体成功！
[2018-06-03 15:01:36,116]-[log.py]-INFO:切换繁体成功！
[2018-06-03 15:03:08,814]-[log.py]-INFO:切换简体成功！
[2018-06-03 15:03:11,307]-[log.py]-INFO:切换繁体成功！
[2018-06-03 15:03:34,829]-[log.py]-INFO:切换英文成功！
[2018-06-03 15:39:46,622]-[log.py]-INFO:输入用户名
[2018-06-03 15:39:46,913]-[log.py]-INFO:输入密码
[2018-06-03 15:39:47,089]-[log.py]-INFO:点击“登录”按钮
[2018-06-03 15:41:36,339]-[log.py]-INFO:输入用户名
[2018-06-03 15:41:36,610]-[log.py]-INFO:输入密码
[2018-06-03 15:41:36,796]-[log.py]-INFO:点击“保持登录”
[2018-06-03 15:41:36,993]-[log.py]-INFO:点击“登录”按钮
[2018-06-03 15:42:20,524]-[log.py]-INFO:输入用户名
[2018-06-03 15:42:20,802]-[log.py]-INFO:输入密码
[2018-06-03 15:42:20,979]-[log.py]-INFO:点击“保持登录”
[2018-06-03 15:42:21,177]-[log.py]-INFO:点击“登录”按钮
[2018-06-03 15:52:33,911]-[log.py]-INFO:输入用户名
[2018-06-03 15:52:34,172]-[log.py]-INFO:输入密码
[2018-06-03 15:52:34,363]-[log.py]-INFO:点击“登录”按钮
[2018-06-03 15:58:42,075]-[log.py]-INFO:输入用户名
[2018-06-03 15:58:42,325]-[log.py]-INFO:输入密码
[2018-06-03 15:58:42,503]-[log.py]-INFO:点击“登录”按钮
[2018-06-03 16:04:21,370]-[log.py]-INFO:输入用户名
[2018-06-03 16:04:21,630]-[log.py]-INFO:输入密码
[2018-06-03 16:04:21,889]-[log.py]-INFO:点击“登录”按钮
[2018-06-03 16:05:27,164]-[log.py]-INFO:输入用户名
[2018-06-03 16:05:27,417]-[log.py]-INFO:输入密码
[2018-06-03 16:05:27,589]-[log.py]-INFO:点击“保持登录”
[2018-06-03 16:05:27,839]-[log.py]-INFO:点击“登录”按钮
[2018-06-03 16:14:45,659]-[log.py]-INFO:输入用户名
[2018-06-03 16:14:45,979]-[log.py]-INFO:输入密码
[2018-06-03 16:14:46,149]-[log.py]-INFO:点击“保持登录”
[2018-06-03 16:14:46,350]-[log.py]-INFO:点击“登录”按钮
[2018-06-03 16:17:40,361]-[log.py]-INFO:输入用户名
[2018-06-03 16:17:40,628]-[log.py]-INFO:输入密码
[2018-06-03 16:17:40,794]-[log.py]-INFO:点击“保持登录”
[2018-06-03 16:17:40,981]-[log.py]-INFO:点击“登录”按钮
[2018-06-03 16:21:12,425]-[log.py]-INFO:输入用户名
[2018-06-03 16:21:12,690]-[log.py]-INFO:输入密码
[2018-06-03 16:21:12,865]-[log.py]-INFO:点击“保持登录”
[2018-06-03 16:21:13,063]-[log.py]-INFO:点击“登录”按钮
[2018-06-03 16:25:24,553]-[log.py]-INFO:输入用户名
[2018-06-03 16:25:24,819]-[log.py]-INFO:输入密码
[2018-06-03 16:25:24,987]-[log.py]-INFO:点击“保持登录”
[2018-06-03 16:25:25,236]-[log.py]-INFO:点击“登录”按钮
[2018-06-03 16:30:24,024]-[log.py]-INFO:输入用户名
[2018-06-03 16:30:24,301]-[log.py]-INFO:输入密码
[2018-06-03 16:30:24,519]-[log.py]-INFO:点击“保持登录”
[2018-06-03 16:30:24,722]-[log.py]-INFO:点击“登录”按钮
[2018-06-03 16:34:36,167]-[log.py]-INFO:输入用户名
[2018-06-03 16:34:36,449]-[log.py]-INFO:输入密码
[2018-06-03 16:34:36,636]-[log.py]-INFO:点击“保持登录”
[2018-06-03 16:34:36,910]-[log.py]-INFO:点击“登录”按钮
[2018-06-03 16:35:35,574]-[log.py]-INFO:输入用户名
[2018-06-03 16:35:35,850]-[log.py]-INFO:输入密码
[2018-06-03 16:35:36,033]-[log.py]-INFO:点击“保持登录”
[2018-06-03 16:35:36,242]-[log.py]-INFO:点击“登录”按钮
[2018-06-03 16:39:30,041]-[log.py]-INFO:输入用户名
[2018-06-03 16:39:30,293]-[log.py]-INFO:输入密码
[2018-06-03 16:39:30,464]-[log.py]-INFO:点击“保持登录”
[2018-06-03 16:39:30,655]-[log.py]-INFO:点击“登录”按钮
[2018-06-03 16:41:16,329]-[log.py]-INFO:输入用户名
[2018-06-03 16:41:16,621]-[log.py]-INFO:输入密码
[2018-06-03 16:41:16,794]-[log.py]-INFO:点击“保持登录”
[2018-06-03 16:41:17,004]-[log.py]-INFO:点击“登录”按钮
[2018-06-03 16:42:17,291]-[log.py]-INFO:输入用户名
[2018-06-03 16:42:17,558]-[log.py]-INFO:输入密码
[2018-06-03 16:42:17,721]-[log.py]-INFO:点击“保持登录”
[2018-06-03 16:42:17,923]-[log.py]-INFO:点击“登录”按钮
[2018-06-03 16:48:00,008]-[log.py]-INFO:输入用户名
[2018-06-03 16:48:00,271]-[log.py]-INFO:输入密码
[2018-06-03 16:48:00,447]-[log.py]-INFO:点击“保持登录”
[2018-06-03 16:48:00,641]-[log.py]-INFO:点击“登录”按钮
[2018-06-03 16:49:05,999]-[log.py]-INFO:输入用户名
[2018-06-03 16:49:06,279]-[log.py]-INFO:输入密码
[2018-06-03 16:49:06,443]-[log.py]-INFO:点击“保持登录”
[2018-06-03 16:49:06,642]-[log.py]-INFO:点击“登录”按钮
[2018-06-03 16:51:41,313]-[log.py]-INFO:输入用户名
[2018-06-03 16:51:41,569]-[log.py]-INFO:输入密码
[2018-06-03 16:51:41,735]-[log.py]-INFO:点击“保持登录”
[2018-06-03 16:51:41,942]-[log.py]-INFO:点击“登录”按钮
[2018-06-03 16:53:40,021]-[log.py]-INFO:输入用户名
[2018-06-03 16:53:40,268]-[log.py]-INFO:输入密码
[2018-06-03 16:53:40,437]-[log.py]-INFO:点击“保持登录”
[2018-06-03 16:53:40,634]-[log.py]-INFO:点击“登录”按钮
[2018-06-03 16:54:43,838]-[log.py]-INFO:输入用户名
[2018-06-03 16:54:44,100]-[log.py]-INFO:输入密码
[2018-06-03 16:54:44,284]-[log.py]-INFO:点击“保持登录”
[2018-06-03 16:54:44,476]-[log.py]-INFO:点击“登录”按钮
[2018-06-03 17:04:44,354]-[log.py]-INFO:输入用户名
[2018-06-03 17:04:44,751]-[log.py]-INFO:输入密码
[2018-06-03 17:04:45,057]-[log.py]-INFO:点击“保持登录”
[2018-06-03 17:04:45,352]-[log.py]-INFO:点击“登录”按钮
[2018-06-03 17:10:07,017]-[log.py]-INFO:输入用户名
[2018-06-03 17:10:07,267]-[log.py]-INFO:输入密码
[2018-06-03 17:10:07,452]-[log.py]-INFO:点击“保持登录”
[2018-06-03 17:10:07,645]-[log.py]-INFO:点击“登录”按钮
[2018-06-03 17:12:10,570]-[log.py]-INFO:输入用户名
[2018-06-03 17:12:10,850]-[log.py]-INFO:输入密码
[2018-06-03 17:12:11,049]-[log.py]-INFO:点击“保持登录”
[2018-06-03 17:12:11,257]-[log.py]-INFO:点击“登录”按钮
[2018-06-03 17:17:12,461]-[log.py]-INFO:输入用户名
[2018-06-03 17:17:12,743]-[log.py]-INFO:输入密码
[2018-06-03 17:17:12,939]-[log.py]-INFO:点击“保持登录”
[2018-06-03 17:17:13,167]-[log.py]-INFO:点击“登录”按钮
[2018-06-03 17:18:34,885]-[log.py]-INFO:输入用户名
[2018-06-03 17:18:35,148]-[log.py]-INFO:输入密码
[2018-06-03 17:18:35,326]-[log.py]-INFO:点击“保持登录”
[2018-06-03 17:18:35,528]-[log.py]-INFO:点击“登录”按钮
[2018-06-03 17:20:04,549]-[log.py]-INFO:输入用户名
[2018-06-03 17:20:04,869]-[log.py]-INFO:输入密码
[2018-06-03 17:20:05,098]-[log.py]-INFO:点击“保持登录”
[2018-06-03 17:20:05,331]-[log.py]-INFO:点击“登录”按钮
[2018-06-03 17:21:54,670]-[log.py]-INFO:输入用户名
[2018-06-03 17:21:54,938]-[log.py]-INFO:输入密码
[2018-06-03 17:21:55,108]-[log.py]-INFO:点击“保持登录”
[2018-06-03 17:21:55,309]-[log.py]-INFO:点击“登录”按钮
[2018-06-03 17:23:24,705]-[log.py]-INFO:输入用户名
[2018-06-03 17:23:24,976]-[log.py]-INFO:输入密码
[2018-06-03 17:23:25,158]-[log.py]-INFO:点击“保持登录”
[2018-06-03 17:23:25,359]-[log.py]-INFO:点击“登录”按钮
[2018-06-03 17:24:16,209]-[log.py]-INFO:输入用户名
[2018-06-03 17:24:16,469]-[log.py]-INFO:输入密码
[2018-06-03 17:24:16,644]-[log.py]-INFO:点击“保持登录”
[2018-06-03 17:24:16,829]-[log.py]-INFO:点击“登录”按钮
[2018-06-03 17:27:15,642]-[log.py]-INFO:输入用户名
[2018-06-03 17:27:15,989]-[log.py]-INFO:输入密码
[2018-06-03 17:27:16,217]-[log.py]-INFO:点击“保持登录”
[2018-06-03 17:27:16,434]-[log.py]-INFO:点击“登录”按钮
[2018-06-03 17:30:02,645]-[log.py]-INFO:输入用户名
[2018-06-03 17:30:02,920]-[log.py]-INFO:输入密码
[2018-06-03 17:30:03,098]-[log.py]-INFO:点击“保持登录”
[2018-06-03 17:30:03,306]-[log.py]-INFO:点击“登录”按钮
[2018-06-03 21:15:27,287]-[log.py]-INFO:开始点击登录界面的语言选择
[2018-06-03 21:15:28,060]-[log.py]-INFO:成功选择简体中文
[2018-06-03 21:15:31,778]-[log.py]-INFO:输入用户名
[2018-06-03 21:15:32,041]-[log.py]-INFO:输入密码
[2018-06-03 21:15:32,208]-[log.py]-INFO:点击“保持登录”
[2018-06-03 21:15:32,392]-[log.py]-INFO:点击“登录”按钮
[2018-06-03 21:15:38,211]-[log.py]-INFO:成功点击“后台管理”按钮
[2018-06-03 21:15:41,887]-[log.py]-INFO:成功进入“后台管理”框架
[2018-06-03 21:15:42,175]-[log.py]-INFO:成功点击“组织”按钮
[2018-06-03 21:15:45,022]-[log.py]-INFO:成功点击“新增用户”按钮
[2018-06-03 21:15:50,103]-[log.py]-INFO:输入“用户名”
[2018-06-03 21:15:50,359]-[log.py]-INFO:输入“真实姓名”
[2018-06-03 21:15:50,602]-[log.py]-INFO:性别选择“女”
[2018-06-03 21:15:50,850]-[log.py]-INFO:部门选择“销售”
[2018-06-03 21:15:51,145]-[log.py]-INFO:角色选择“销售”
[2018-06-03 21:15:51,472]-[log.py]-INFO:输入密码
[2018-06-03 21:15:51,744]-[log.py]-INFO:再次输入密码
[2018-06-03 21:15:52,113]-[log.py]-INFO:输入邮箱
[2018-06-03 21:15:52,441]-[log.py]-INFO:点击“提交”按钮
[2018-06-03 21:15:52,959]-[log.py]-INFO:退出“后台管理”框架
[2018-06-03 21:15:56,022]-[log.py]-INFO:进入“后台管理”框架
[2018-06-03 21:16:36,928]-[log.py]-INFO:开始点击登录界面的语言选择
[2018-06-03 21:16:38,650]-[log.py]-INFO:成功选择简体中文
[2018-06-03 21:16:42,441]-[log.py]-INFO:输入用户名
[2018-06-03 21:16:42,697]-[log.py]-INFO:输入密码
[2018-06-03 21:16:42,874]-[log.py]-INFO:点击“保持登录”
[2018-06-03 21:16:43,057]-[log.py]-INFO:点击“登录”按钮
[2018-06-03 21:16:48,724]-[log.py]-INFO:成功点击“后台管理”按钮
[2018-06-03 21:16:52,286]-[log.py]-INFO:成功进入“后台管理”框架
[2018-06-03 21:16:52,576]-[log.py]-INFO:成功点击“组织”按钮
[2018-06-03 21:16:55,356]-[log.py]-INFO:成功点击“新增用户”按钮
[2018-06-03 21:17:00,180]-[log.py]-INFO:输入“用户名”
[2018-06-03 21:17:00,462]-[log.py]-INFO:输入“真实姓名”
[2018-06-03 21:17:00,738]-[log.py]-INFO:性别选择“女”
[2018-06-03 21:17:01,010]-[log.py]-INFO:部门选择“销售”
[2018-06-03 21:17:01,286]-[log.py]-INFO:角色选择“销售”
[2018-06-03 21:17:01,618]-[log.py]-INFO:输入密码
[2018-06-03 21:17:01,894]-[log.py]-INFO:再次输入密码
[2018-06-03 21:17:02,290]-[log.py]-INFO:输入邮箱
[2018-06-03 21:17:02,633]-[log.py]-INFO:点击“提交”按钮
[2018-06-03 21:17:03,117]-[log.py]-INFO:退出“后台管理”框架
[2018-06-03 21:17:06,218]-[log.py]-INFO:进入“后台管理”框架
[2018-06-03 21:17:06,565]-[log.py]-INFO:成功获取到成员列表页面的所有用户名
[2018-06-03 21:17:07,006]-[log.py]-INFO:成功退出“后台管理”框架
[2018-06-03 21:17:07,020]-[log.py]-INFO:成功连接上数据库ranzhi.sys_user
[2018-06-03 21:17:07,024]-[log.py]-INFO:成功获取到ranzhi.sys_user表字段account
[2018-06-03 21:17:07,041]-[log.py]-INFO:成功连接上数据库ranzhi.sys_user
[2018-06-03 21:17:07,045]-[log.py]-INFO:成功获取到sys_user表account用户名字段值
[2018-06-03 21:17:07,309]-[log.py]-INFO:成功点击“后台管理”按钮
[2018-06-03 21:17:10,885]-[log.py]-INFO:成功进入“后台管理”框架
[2018-06-03 21:17:11,148]-[log.py]-INFO:成功点击“组织”按钮
[2018-06-03 21:17:14,112]-[log.py]-INFO:成功点击“新增用户”按钮
[2018-06-03 21:17:18,999]-[log.py]-INFO:输入“用户名”
[2018-06-03 21:17:19,241]-[log.py]-INFO:输入“真实姓名”
[2018-06-03 21:17:19,453]-[log.py]-INFO:性别选择“女”
[2018-06-03 21:17:19,704]-[log.py]-INFO:角色选择“销售”
[2018-06-03 21:17:19,967]-[log.py]-INFO:输入密码
[2018-06-03 21:17:20,213]-[log.py]-INFO:再次输入密码
[2018-06-03 21:17:20,584]-[log.py]-INFO:输入邮箱
[2018-06-03 21:17:20,899]-[log.py]-INFO:点击“提交”按钮
[2018-06-03 21:17:21,399]-[log.py]-INFO:退出“后台管理”框架
[2018-06-03 21:17:24,468]-[log.py]-INFO:进入“后台管理”框架
[2018-06-03 21:17:24,845]-[log.py]-INFO:成功获取到成员列表页面的所有用户名
[2018-06-03 21:17:25,289]-[log.py]-INFO:成功退出“后台管理”框架
[2018-06-03 21:17:25,302]-[log.py]-INFO:成功连接上数据库ranzhi.sys_user
[2018-06-03 21:17:25,305]-[log.py]-INFO:成功获取到ranzhi.sys_user表字段account
[2018-06-03 21:17:25,323]-[log.py]-INFO:成功连接上数据库ranzhi.sys_user
[2018-06-03 21:17:25,326]-[log.py]-INFO:成功获取到sys_user表account用户名字段值
[2018-06-03 21:17:25,504]-[log.py]-INFO:成功点击“后台管理”按钮
[2018-06-03 21:17:29,051]-[log.py]-INFO:成功进入“后台管理”框架
[2018-06-03 21:17:29,301]-[log.py]-INFO:成功点击“组织”按钮
[2018-06-03 21:17:31,987]-[log.py]-INFO:成功点击“新增用户”按钮
[2018-06-03 21:17:36,935]-[log.py]-INFO:输入“用户名”
[2018-06-03 21:17:37,193]-[log.py]-INFO:输入“真实姓名”
[2018-06-03 21:17:37,449]-[log.py]-INFO:性别选择“女”
[2018-06-03 21:17:37,701]-[log.py]-INFO:角色选择“销售”
[2018-06-03 21:17:38,094]-[log.py]-INFO:输入密码
[2018-06-03 21:17:38,358]-[log.py]-INFO:再次输入密码
[2018-06-03 21:17:38,735]-[log.py]-INFO:输入邮箱
[2018-06-03 21:17:39,143]-[log.py]-INFO:点击“提交”按钮
[2018-06-03 21:17:39,722]-[log.py]-INFO:退出“后台管理”框架
[2018-06-03 21:17:42,827]-[log.py]-INFO:进入“后台管理”框架
[2018-06-03 21:17:43,316]-[log.py]-INFO:成功获取到成员列表页面的所有用户名
[2018-06-03 21:17:43,721]-[log.py]-INFO:成功退出“后台管理”框架
[2018-06-03 21:17:43,733]-[log.py]-INFO:成功连接上数据库ranzhi.sys_user
[2018-06-03 21:17:43,737]-[log.py]-INFO:成功获取到ranzhi.sys_user表字段account
[2018-06-03 21:17:43,754]-[log.py]-INFO:成功连接上数据库ranzhi.sys_user
[2018-06-03 21:17:43,758]-[log.py]-INFO:成功获取到sys_user表account用户名字段值
[2018-06-03 21:17:44,045]-[log.py]-INFO:成功点击“后台管理”按钮
[2018-06-03 21:17:47,563]-[log.py]-INFO:成功进入“后台管理”框架
[2018-06-03 21:17:47,973]-[log.py]-INFO:成功点击“组织”按钮
[2018-06-03 21:17:50,726]-[log.py]-INFO:成功点击“新增用户”按钮
[2018-06-03 21:17:55,464]-[log.py]-INFO:输入“用户名”
[2018-06-03 21:17:55,708]-[log.py]-INFO:输入“真实姓名”
[2018-06-03 21:17:55,931]-[log.py]-INFO:性别选择“女”
[2018-06-03 21:17:56,165]-[log.py]-INFO:角色选择“销售”
[2018-06-03 21:17:56,432]-[log.py]-INFO:输入密码
[2018-06-03 21:17:56,687]-[log.py]-INFO:再次输入密码
[2018-06-03 21:17:57,069]-[log.py]-INFO:输入邮箱
[2018-06-03 21:17:57,334]-[log.py]-INFO:点击“提交”按钮
[2018-06-03 21:17:57,863]-[log.py]-INFO:退出“后台管理”框架
[2018-06-03 21:18:00,930]-[log.py]-INFO:进入“后台管理”框架
[2018-06-03 21:18:01,394]-[log.py]-INFO:成功获取到成员列表页面的所有用户名
[2018-06-03 21:18:01,816]-[log.py]-INFO:成功退出“后台管理”框架
[2018-06-03 21:18:01,829]-[log.py]-INFO:成功连接上数据库ranzhi.sys_user
[2018-06-03 21:18:01,833]-[log.py]-INFO:成功获取到ranzhi.sys_user表字段account
[2018-06-03 21:18:01,851]-[log.py]-INFO:成功连接上数据库ranzhi.sys_user
[2018-06-03 21:18:01,854]-[log.py]-INFO:成功获取到sys_user表account用户名字段值
[2018-06-03 21:20:50,566]-[log.py]-INFO:开始点击登录界面的语言选择
[2018-06-03 21:20:51,366]-[log.py]-INFO:成功选择简体中文
[2018-06-03 21:20:55,010]-[log.py]-INFO:输入用户名
[2018-06-03 21:20:55,298]-[log.py]-INFO:输入密码
[2018-06-03 21:20:55,483]-[log.py]-INFO:点击“保持登录”
[2018-06-03 21:20:55,695]-[log.py]-INFO:点击“登录”按钮
[2018-06-03 21:21:01,621]-[log.py]-INFO:成功点击“后台管理”按钮
[2018-06-03 21:21:05,203]-[log.py]-INFO:成功进入“后台管理”框架
[2018-06-03 21:21:05,560]-[log.py]-INFO:成功点击“组织”按钮
[2018-06-03 21:21:08,388]-[log.py]-INFO:成功点击“新增用户”按钮
[2018-06-03 21:21:13,235]-[log.py]-INFO:输入“用户名”
[2018-06-03 21:21:13,534]-[log.py]-INFO:输入“真实姓名”
[2018-06-03 21:21:13,855]-[log.py]-INFO:性别选择“女”
[2018-06-03 21:21:14,204]-[log.py]-INFO:部门选择“销售”
[2018-06-03 21:21:14,539]-[log.py]-INFO:角色选择“销售”
[2018-06-03 21:21:14,970]-[log.py]-INFO:输入密码
[2018-06-03 21:21:15,303]-[log.py]-INFO:再次输入密码
[2018-06-03 21:21:15,728]-[log.py]-INFO:输入邮箱
[2018-06-03 21:21:16,073]-[log.py]-INFO:点击“提交”按钮
[2018-06-03 21:21:16,542]-[log.py]-INFO:退出“后台管理”框架
[2018-06-03 21:21:19,608]-[log.py]-INFO:进入“后台管理”框架
[2018-06-03 21:21:20,111]-[log.py]-INFO:成功获取到成员列表页面的所有用户名
[2018-06-03 21:21:20,483]-[log.py]-INFO:成功退出“后台管理”框架
[2018-06-03 22:11:41,185]-[log.py]-INFO:开始点击登录界面的语言选择
[2018-06-03 22:11:42,064]-[log.py]-INFO:成功选择简体中文
[2018-06-03 22:11:45,738]-[log.py]-INFO:输入用户名
[2018-06-03 22:11:46,012]-[log.py]-INFO:输入密码
[2018-06-03 22:11:46,177]-[log.py]-INFO:点击“保持登录”
[2018-06-03 22:11:46,371]-[log.py]-INFO:点击“登录”按钮
[2018-06-03 22:11:52,244]-[log.py]-INFO:成功点击“后台管理”按钮
[2018-06-03 22:11:55,863]-[log.py]-INFO:成功进入“后台管理”框架
[2018-06-03 22:11:56,179]-[log.py]-INFO:成功点击“组织”按钮
[2018-06-03 22:11:58,926]-[log.py]-INFO:成功点击“新增用户”按钮
[2018-06-03 22:12:03,826]-[log.py]-INFO:输入“用户名”
[2018-06-03 22:12:04,099]-[log.py]-INFO:输入“真实姓名”
[2018-06-03 22:12:04,382]-[log.py]-INFO:性别选择“女”
[2018-06-03 22:12:04,622]-[log.py]-INFO:部门选择“销售”
[2018-06-03 22:12:04,912]-[log.py]-INFO:角色选择“销售”
[2018-06-03 22:12:05,213]-[log.py]-INFO:输入密码
[2018-06-03 22:12:05,523]-[log.py]-INFO:再次输入密码
[2018-06-03 22:12:05,929]-[log.py]-INFO:输入邮箱
[2018-06-03 22:12:06,309]-[log.py]-INFO:点击“提交”按钮
[2018-06-03 22:12:06,780]-[log.py]-INFO:退出“后台管理”框架
[2018-06-03 22:12:09,882]-[log.py]-INFO:进入“后台管理”框架
[2018-06-03 22:12:10,364]-[log.py]-INFO:成功获取到成员列表页面的所有用户名
[2018-06-03 22:12:10,821]-[log.py]-INFO:成功退出“后台管理”框架
[2018-06-03 22:13:55,272]-[log.py]-INFO:开始点击登录界面的语言选择
[2018-06-03 22:13:56,204]-[log.py]-INFO:成功选择简体中文
[2018-06-03 22:13:59,810]-[log.py]-INFO:输入用户名
[2018-06-03 22:14:00,077]-[log.py]-INFO:输入密码
[2018-06-03 22:14:00,251]-[log.py]-INFO:点击“保持登录”
[2018-06-03 22:14:00,447]-[log.py]-INFO:点击“登录”按钮
[2018-06-03 22:14:06,278]-[log.py]-INFO:成功点击“后台管理”按钮
[2018-06-03 22:14:09,959]-[log.py]-INFO:成功进入“后台管理”框架
[2018-06-03 22:14:10,213]-[log.py]-INFO:成功点击“组织”按钮
[2018-06-03 22:14:13,062]-[log.py]-INFO:成功点击“新增用户”按钮
[2018-06-03 22:14:17,980]-[log.py]-INFO:输入“用户名”
[2018-06-03 22:14:18,282]-[log.py]-INFO:输入“真实姓名”
[2018-06-03 22:14:18,582]-[log.py]-INFO:性别选择“女”
[2018-06-03 22:14:18,826]-[log.py]-INFO:部门选择“销售”
[2018-06-03 22:14:19,097]-[log.py]-INFO:角色选择“销售”
[2018-06-03 22:14:19,464]-[log.py]-INFO:输入密码
[2018-06-03 22:14:19,763]-[log.py]-INFO:再次输入密码
[2018-06-03 22:14:20,158]-[log.py]-INFO:输入邮箱
[2018-06-03 22:14:20,526]-[log.py]-INFO:点击“提交”按钮
[2018-06-03 22:14:21,040]-[log.py]-INFO:退出“后台管理”框架
[2018-06-03 22:16:52,053]-[log.py]-INFO:开始点击登录界面的语言选择
[2018-06-03 22:16:52,990]-[log.py]-INFO:成功选择简体中文
[2018-06-03 22:16:56,618]-[log.py]-INFO:输入用户名
[2018-06-03 22:16:56,877]-[log.py]-INFO:输入密码
[2018-06-03 22:16:57,044]-[log.py]-INFO:点击“保持登录”
[2018-06-03 22:16:57,242]-[log.py]-INFO:点击“登录”按钮
[2018-06-03 22:17:02,993]-[log.py]-INFO:成功点击“后台管理”按钮
[2018-06-03 22:17:06,561]-[log.py]-INFO:成功进入“后台管理”框架
[2018-06-03 22:17:06,861]-[log.py]-INFO:成功点击“组织”按钮
[2018-06-03 22:17:09,716]-[log.py]-INFO:成功点击“新增用户”按钮
[2018-06-03 22:17:14,526]-[log.py]-INFO:输入“用户名”
[2018-06-03 22:17:14,795]-[log.py]-INFO:输入“真实姓名”
[2018-06-03 22:17:15,094]-[log.py]-INFO:性别选择“女”
[2018-06-03 22:17:15,344]-[log.py]-INFO:部门选择“销售”
[2018-06-03 22:17:15,627]-[log.py]-INFO:角色选择“销售”
[2018-06-03 22:17:15,930]-[log.py]-INFO:输入密码
[2018-06-03 22:17:16,196]-[log.py]-INFO:再次输入密码
[2018-06-03 22:17:16,578]-[log.py]-INFO:输入邮箱
[2018-06-03 22:17:16,894]-[log.py]-INFO:点击“提交”按钮
[2018-06-03 22:17:17,396]-[log.py]-INFO:退出“后台管理”框架
[2018-06-03 22:17:20,506]-[log.py]-INFO:进入“后台管理”框架
[2018-06-03 22:23:55,969]-[log.py]-INFO:开始点击登录界面的语言选择
[2018-06-03 22:23:56,845]-[log.py]-INFO:成功选择简体中文
[2018-06-03 22:24:00,627]-[log.py]-INFO:输入用户名
[2018-06-03 22:24:00,885]-[log.py]-INFO:输入密码
[2018-06-03 22:24:01,155]-[log.py]-INFO:点击“保持登录”
[2018-06-03 22:24:01,368]-[log.py]-INFO:点击“登录”按钮
[2018-06-03 22:24:07,686]-[log.py]-INFO:成功点击“后台管理”按钮
[2018-06-03 22:24:11,258]-[log.py]-INFO:成功进入“后台管理”框架
[2018-06-03 22:24:11,570]-[log.py]-INFO:成功点击“组织”按钮
[2018-06-03 22:24:14,392]-[log.py]-INFO:成功点击“新增用户”按钮
[2018-06-03 22:24:19,240]-[log.py]-INFO:输入“用户名”
[2018-06-03 22:24:19,508]-[log.py]-INFO:输入“真实姓名”
[2018-06-03 22:24:19,777]-[log.py]-INFO:性别选择“女”
[2018-06-03 22:24:20,060]-[log.py]-INFO:部门选择“销售”
[2018-06-03 22:24:20,342]-[log.py]-INFO:角色选择“销售”
[2018-06-03 22:24:20,642]-[log.py]-INFO:输入密码
[2018-06-03 22:24:20,925]-[log.py]-INFO:再次输入密码
[2018-06-03 22:24:21,352]-[log.py]-INFO:输入邮箱
[2018-06-03 22:24:21,714]-[log.py]-INFO:点击“提交”按钮
[2018-06-03 22:24:22,271]-[log.py]-INFO:退出“后台管理”框架
[2018-06-03 22:24:25,368]-[log.py]-INFO:进入“后台管理”框架
[2018-06-03 22:24:26,706]-[log.py]-INFO:成功获取到成员列表页面的所有用户名
[2018-06-03 22:24:27,231]-[log.py]-INFO:成功退出“后台管理”框架
[2018-06-03 22:35:01,733]-[log.py]-INFO:开始点击登录界面的语言选择
[2018-06-03 22:35:02,565]-[log.py]-INFO:成功选择简体中文
[2018-06-03 22:35:06,249]-[log.py]-INFO:输入用户名
[2018-06-03 22:35:06,519]-[log.py]-INFO:输入密码
[2018-06-03 22:35:06,703]-[log.py]-INFO:点击“保持登录”
[2018-06-03 22:35:06,916]-[log.py]-INFO:点击“登录”按钮
[2018-06-03 22:35:12,440]-[log.py]-INFO:成功点击“后台管理”按钮
[2018-06-03 22:35:16,111]-[log.py]-INFO:成功进入“后台管理”框架
[2018-06-03 22:35:16,419]-[log.py]-INFO:成功点击“组织”按钮
[2018-06-03 22:35:19,227]-[log.py]-INFO:成功点击“新增用户”按钮
[2018-06-03 22:35:24,184]-[log.py]-INFO:输入“用户名”
[2018-06-03 22:35:24,460]-[log.py]-INFO:输入“真实姓名”
[2018-06-03 22:35:24,742]-[log.py]-INFO:性别选择“女”
[2018-06-03 22:35:25,010]-[log.py]-INFO:部门选择“销售”
[2018-06-03 22:35:25,338]-[log.py]-INFO:角色选择“销售”
[2018-06-03 22:35:25,640]-[log.py]-INFO:输入密码
[2018-06-03 22:35:25,927]-[log.py]-INFO:再次输入密码
[2018-06-03 22:35:26,339]-[log.py]-INFO:输入邮箱
[2018-06-03 22:35:26,690]-[log.py]-INFO:点击“提交”按钮
[2018-06-03 22:35:27,139]-[log.py]-INFO:退出“后台管理”框架
[2018-06-03 22:35:30,235]-[log.py]-INFO:进入“后台管理”框架
[2018-06-03 22:35:33,609]-[log.py]-INFO:成功获取到成员列表页面的所有用户名
[2018-06-03 22:35:34,087]-[log.py]-INFO:成功退出“后台管理”框架
[2018-06-03 22:35:34,101]-[log.py]-INFO:成功连接上数据库ranzhi.sys_user
[2018-06-03 22:35:34,104]-[log.py]-INFO:成功获取到ranzhi.sys_user表字段account
[2018-06-03 22:35:34,122]-[log.py]-INFO:成功连接上数据库ranzhi.sys_user
[2018-06-03 22:35:34,126]-[log.py]-INFO:成功获取到sys_user表account用户名字段值
[2018-06-03 22:45:17,544]-[log.py]-INFO:开始点击登录界面的语言选择
[2018-06-03 22:45:18,739]-[log.py]-INFO:成功选择简体中文
[2018-06-03 22:45:22,786]-[log.py]-INFO:输入用户名
[2018-06-03 22:45:23,051]-[log.py]-INFO:输入密码
[2018-06-03 22:45:23,248]-[log.py]-INFO:点击“保持登录”
[2018-06-03 22:45:23,469]-[log.py]-INFO:点击“登录”按钮
[2018-06-03 22:45:29,267]-[log.py]-INFO:成功点击“后台管理”按钮
[2018-06-03 22:45:33,007]-[log.py]-INFO:成功进入“后台管理”框架
[2018-06-03 22:45:33,321]-[log.py]-INFO:成功点击“组织”按钮
[2018-06-03 22:45:36,179]-[log.py]-INFO:成功点击“新增用户”按钮
[2018-06-03 22:45:41,107]-[log.py]-INFO:输入“用户名”
[2018-06-03 22:45:41,388]-[log.py]-INFO:输入“真实姓名”
[2018-06-03 22:45:41,657]-[log.py]-INFO:性别选择“女”
[2018-06-03 22:45:41,920]-[log.py]-INFO:部门选择“销售”
[2018-06-03 22:45:42,257]-[log.py]-INFO:角色选择“销售”
[2018-06-03 22:45:42,575]-[log.py]-INFO:输入密码
[2018-06-03 22:45:42,847]-[log.py]-INFO:再次输入密码
[2018-06-03 22:45:43,289]-[log.py]-INFO:输入邮箱
[2018-06-03 22:45:43,678]-[log.py]-INFO:点击“提交”按钮
[2018-06-03 22:45:44,144]-[log.py]-INFO:退出“后台管理”框架
[2018-06-03 22:45:47,248]-[log.py]-INFO:进入“后台管理”框架
[2018-06-03 22:45:50,693]-[log.py]-INFO:记录新增成功！新增记录 user16 不是在第一页被找到！
[2018-06-03 22:45:50,696]-[log.py]-INFO:成功获取到成员列表页面的所有用户名
[2018-06-03 22:45:51,122]-[log.py]-INFO:成功退出“后台管理”框架
[2018-06-03 22:45:51,135]-[log.py]-INFO:成功连接上数据库ranzhi.sys_user
[2018-06-03 22:45:51,139]-[log.py]-INFO:成功获取到ranzhi.sys_user表字段account
[2018-06-03 22:45:51,157]-[log.py]-INFO:成功连接上数据库ranzhi.sys_user
[2018-06-03 22:45:51,161]-[log.py]-INFO:成功获取到sys_user表account用户名字段值
[2018-06-03 23:20:42,266]-[log.py]-INFO:开始点击登录界面的语言选择
[2018-06-03 23:20:43,061]-[log.py]-INFO:成功选择简体中文
[2018-06-03 23:20:46,743]-[log.py]-INFO:输入用户名
[2018-06-03 23:20:47,037]-[log.py]-INFO:输入密码
[2018-06-03 23:20:47,220]-[log.py]-INFO:点击“保持登录”
[2018-06-03 23:20:47,417]-[log.py]-INFO:点击“登录”按钮
[2018-06-03 23:20:52,948]-[log.py]-INFO:成功点击“后台管理”按钮
[2018-06-03 23:20:56,546]-[log.py]-INFO:成功进入“后台管理”框架
[2018-06-03 23:20:57,092]-[log.py]-INFO:成功点击“组织”按钮
[2018-06-03 23:21:00,014]-[log.py]-INFO:成功点击“新增用户”按钮
[2018-06-03 23:21:04,882]-[log.py]-INFO:输入“用户名”
[2018-06-03 23:21:05,149]-[log.py]-INFO:输入“真实姓名”
[2018-06-03 23:21:05,431]-[log.py]-INFO:性别选择“女”
[2018-06-03 23:21:05,699]-[log.py]-INFO:部门选择“销售”
[2018-06-03 23:21:05,998]-[log.py]-INFO:角色选择“销售”
[2018-06-03 23:21:06,296]-[log.py]-INFO:输入密码
[2018-06-03 23:21:06,596]-[log.py]-INFO:再次输入密码
[2018-06-03 23:21:06,993]-[log.py]-INFO:输入邮箱
[2018-06-03 23:21:07,329]-[log.py]-INFO:点击“提交”按钮
[2018-06-03 23:21:07,845]-[log.py]-INFO:退出“后台管理”框架
[2018-06-03 23:21:10,942]-[log.py]-INFO:进入“后台管理”框架
[2018-06-03 23:21:14,458]-[log.py]-INFO:记录新增成功！新增记录 user18 不是在第一页被找到！
[2018-06-03 23:21:14,870]-[log.py]-INFO:成功退出“后台管理”框架
[2018-06-03 23:54:04,238]-[log.py]-INFO:开始点击登录界面的语言选择
[2018-06-03 23:54:05,303]-[log.py]-INFO:成功选择简体中文
[2018-06-03 23:54:09,035]-[log.py]-INFO:输入用户名
[2018-06-03 23:54:09,310]-[log.py]-INFO:输入密码
[2018-06-03 23:54:09,495]-[log.py]-INFO:点击“保持登录”
[2018-06-03 23:54:09,703]-[log.py]-INFO:点击“登录”按钮
[2018-06-03 23:54:15,451]-[log.py]-INFO:成功点击“后台管理”按钮
[2018-06-03 23:54:19,022]-[log.py]-INFO:成功进入“后台管理”框架
[2018-06-03 23:54:19,299]-[log.py]-INFO:成功点击“组织”按钮
[2018-06-03 23:54:22,127]-[log.py]-INFO:成功点击“新增用户”按钮
[2018-06-03 23:54:26,981]-[log.py]-INFO:输入“用户名”
[2018-06-03 23:54:27,274]-[log.py]-INFO:输入“真实姓名”
[2018-06-03 23:54:27,515]-[log.py]-INFO:性别选择“女”
[2018-06-03 23:54:27,762]-[log.py]-INFO:部门选择“销售”
[2018-06-03 23:54:28,059]-[log.py]-INFO:角色选择“销售”
[2018-06-03 23:54:28,402]-[log.py]-INFO:输入密码
[2018-06-03 23:54:28,677]-[log.py]-INFO:再次输入密码
[2018-06-03 23:54:29,108]-[log.py]-INFO:输入邮箱
[2018-06-03 23:54:29,433]-[log.py]-INFO:点击“提交”按钮
[2018-06-03 23:54:29,878]-[log.py]-INFO:退出“后台管理”框架
[2018-06-03 23:54:32,941]-[log.py]-INFO:进入“后台管理”框架
[2018-06-03 23:54:36,382]-[log.py]-INFO:记录新增成功！新增记录 user22 不是在第一页被找到！
[2018-06-03 23:54:36,796]-[log.py]-INFO:成功退出“后台管理”框架
[2018-06-03 23:54:36,821]-[log.py]-INFO:成功连接上数据库ranzhi.sys_user
[2018-06-03 23:54:36,844]-[log.py]-INFO:成功获取到sys_user表account用户名字段值
