[2018-05-29 00:00:42,113]-[log.py]-INFO:admin登录成功！
[2018-05-29 00:00:49,643]-[log.py]-INFO:user1登录成功！
[2018-05-29 00:02:05,218]-[log.py]-INFO:admin登录成功！
[2018-05-29 00:02:12,208]-[log.py]-INFO:user1登录成功！
[2018-05-29 00:04:13,612]-[log.py]-INFO:admin登录成功！
[2018-05-29 00:04:21,167]-[log.py]-INFO:user1登录成功！
[2018-05-29 00:07:33,457]-[log.py]-INFO:admin登录成功！
[2018-05-29 00:07:40,765]-[log.py]-INFO:user1登录成功！
[2018-05-29 00:09:25,834]-[log.py]-INFO:用户名为空登录失败！
[2018-05-29 00:09:32,112]-[log.py]-INFO:ad登录失败!
[2018-05-29 00:09:37,894]-[log.py]-INFO:user1登录失败!
[2018-05-29 00:09:43,719]-[log.py]-INFO:user1登录失败!
[2018-05-29 00:10:05,258]-[log.py]-INFO:admin登录成功！
[2018-05-29 00:10:13,777]-[log.py]-INFO:user1登录成功！
[2018-05-29 00:28:53,027]-[log.py]-INFO:切换简体成功！
[2018-05-29 00:29:02,876]-[log.py]-INFO:切换繁体成功！
[2018-05-29 00:29:12,685]-[log.py]-INFO:切换英文成功！
[2018-05-29 01:24:43,158]-[log.py]-INFO:用户名为空登录失败！
[2018-05-29 01:24:49,074]-[log.py]-INFO:ad登录失败!
[2018-05-29 01:24:54,889]-[log.py]-INFO:user1登录失败!
[2018-05-29 01:25:00,650]-[log.py]-INFO:user1登录失败!
[2018-05-29 01:25:21,564]-[log.py]-INFO:admin登录成功！
[2018-05-29 01:25:29,246]-[log.py]-INFO:user1登录成功！
[2018-05-29 01:25:59,280]-[log.py]-INFO:成功进入我的地盘模块
[2018-05-29 01:26:01,938]-[log.py]-INFO:成功进入客户管理模块
[2018-05-29 01:26:04,508]-[log.py]-INFO:成功进入日常办公模块
[2018-05-29 01:26:07,147]-[log.py]-INFO:成功进入项目模块
[2018-05-29 01:26:09,657]-[log.py]-INFO:成功进入文档模块
[2018-05-29 01:26:12,230]-[log.py]-INFO:成功进入现金记账模块
[2018-05-29 01:26:14,868]-[log.py]-INFO:成功进入团队模块
[2018-05-29 01:26:17,492]-[log.py]-INFO:成功进入后台管理模块
[2018-05-29 01:31:03,876]-[log.py]-INFO:成功进入我的地盘模块
[2018-05-29 01:31:06,501]-[log.py]-INFO:成功进入客户管理模块
[2018-05-29 01:32:25,111]-[log.py]-INFO:成功进入我的地盘模块
[2018-05-29 01:32:27,719]-[log.py]-INFO:成功进入客户管理模块
[2018-05-29 01:32:30,308]-[log.py]-INFO:成功进入日常办公模块
[2018-05-29 01:32:32,973]-[log.py]-INFO:成功进入项目模块
[2018-05-29 01:32:35,494]-[log.py]-INFO:成功进入文档模块
[2018-05-29 01:32:38,022]-[log.py]-INFO:成功进入现金记账模块
[2018-05-29 01:32:40,644]-[log.py]-INFO:成功进入团队模块
[2018-05-29 01:32:43,325]-[log.py]-INFO:成功进入后台管理模块
[2018-05-29 02:25:41,642]-[log.py]-INFO:登陆后切换简体成功！
[2018-05-29 02:26:03,771]-[log.py]-INFO:切换简体成功！
[2018-05-29 02:26:13,441]-[log.py]-INFO:切换繁体成功！
[2018-05-29 02:26:23,110]-[log.py]-INFO:切换英文成功！
[2018-05-29 02:28:17,663]-[log.py]-INFO:登陆后切换简体成功！
[2018-05-29 02:32:24,312]-[log.py]-INFO:登陆后切换简体成功！
[2018-05-29 02:34:17,230]-[log.py]-INFO:登陆后切换简体成功！
[2018-05-29 02:47:29,340]-[log.py]-INFO:登陆后切换繁体成功！
[2018-05-29 02:50:33,823]-[log.py]-INFO:登陆后切换繁体成功！
[2018-05-29 02:52:24,011]-[log.py]-INFO:登陆后切换繁体成功！
[2018-05-29 02:52:29,631]-[log.py]-INFO:登陆后切换English成功！
[2018-05-29 04:07:11,351]-[log.py]-INFO:realname1123461添加失败！
[2018-05-29 04:07:17,640]-[log.py]-INFO:添加失败！
[2018-05-29 04:07:24,082]-[log.py]-INFO:realname1123463添加失败！
[2018-05-29 04:07:30,158]-[log.py]-INFO:realname1123464添加失败！
[2018-05-29 04:07:36,494]-[log.py]-INFO:realname1123465添加失败！
[2018-05-29 10:18:25,486]-[log.py]-INFO:用户名为空登录失败！
[2018-05-29 10:18:30,395]-[log.py]-INFO:ad登录失败!
[2018-05-29 10:18:35,526]-[log.py]-INFO:user1登录失败!
[2018-05-29 10:18:40,525]-[log.py]-INFO:user1登录失败!
[2018-05-29 10:18:56,091]-[log.py]-INFO:admin登录成功！
[2018-05-29 10:19:02,990]-[log.py]-INFO:user1登录成功！
[2018-05-29 10:19:59,387]-[log.py]-INFO:admin登录成功！
[2018-05-29 10:20:06,416]-[log.py]-INFO:user1登录成功！
[2018-05-29 10:20:24,641]-[log.py]-INFO:用户名为空登录失败！
[2018-05-29 10:20:29,587]-[log.py]-INFO:ad登录失败!
[2018-05-29 10:20:34,522]-[log.py]-INFO:user1登录失败!
[2018-05-29 10:20:39,505]-[log.py]-INFO:user1登录失败!
[2018-05-29 10:20:54,220]-[log.py]-INFO:切换简体成功！
[2018-05-29 10:20:55,872]-[log.py]-INFO:切换繁体成功！
[2018-05-29 10:20:57,687]-[log.py]-INFO:切换英文成功！
[2018-05-29 10:21:20,421]-[log.py]-INFO:登陆后切换繁体成功！
[2018-05-29 10:21:26,030]-[log.py]-INFO:登陆后切换English成功！
[2018-05-29 10:21:44,514]-[log.py]-INFO:成功进入我的地盘模块
[2018-05-29 10:21:47,249]-[log.py]-INFO:成功进入客户管理模块
[2018-05-29 10:21:49,947]-[log.py]-INFO:成功进入日常办公模块
[2018-05-29 10:21:52,554]-[log.py]-INFO:成功进入项目模块
[2018-05-29 10:21:55,112]-[log.py]-INFO:成功进入文档模块
[2018-05-29 10:21:57,634]-[log.py]-INFO:成功进入现金记账模块
[2018-05-29 10:22:00,402]-[log.py]-INFO:成功进入团队模块
[2018-05-29 10:22:03,064]-[log.py]-INFO:成功进入后台管理模块
[2018-05-29 10:23:06,948]-[log.py]-INFO:realname1123461添加失败！
[2018-05-29 10:23:13,567]-[log.py]-INFO:添加失败！
[2018-05-29 10:23:19,977]-[log.py]-INFO:realname1123463添加失败！
[2018-05-29 10:23:26,348]-[log.py]-INFO:realname1123464添加失败！
[2018-05-29 10:23:33,035]-[log.py]-INFO:realname1123465添加失败！
[2018-05-29 10:34:27,511]-[log.py]-INFO:admin登录成功！
[2018-05-29 10:34:34,295]-[log.py]-INFO:user1登录成功！
[2018-05-29 10:34:51,148]-[log.py]-INFO:用户名为空登录失败！
[2018-05-29 10:34:56,074]-[log.py]-INFO:ad登录失败!
[2018-05-29 10:35:01,082]-[log.py]-INFO:user1登录失败!
[2018-05-29 10:35:06,029]-[log.py]-INFO:user1登录失败!
[2018-05-29 10:35:20,782]-[log.py]-INFO:切换简体成功！
[2018-05-29 10:35:22,395]-[log.py]-INFO:切换繁体成功！
[2018-05-29 10:35:24,195]-[log.py]-INFO:切换英文成功！
[2018-05-29 10:35:45,800]-[log.py]-INFO:登陆后切换繁体成功！
[2018-05-29 10:35:51,399]-[log.py]-INFO:登陆后切换English成功！
[2018-05-29 10:36:06,837]-[log.py]-INFO:成功进入我的地盘模块
[2018-05-29 10:36:09,537]-[log.py]-INFO:成功进入客户管理模块
[2018-05-29 10:36:12,109]-[log.py]-INFO:成功进入日常办公模块
[2018-05-29 10:36:14,766]-[log.py]-INFO:成功进入项目模块
[2018-05-29 10:36:17,314]-[log.py]-INFO:成功进入文档模块
[2018-05-29 10:36:19,869]-[log.py]-INFO:成功进入现金记账模块
[2018-05-29 10:36:22,608]-[log.py]-INFO:成功进入团队模块
[2018-05-29 10:36:25,384]-[log.py]-INFO:成功进入后台管理模块
[2018-05-29 10:37:30,013]-[log.py]-INFO:realname1123461添加失败！
[2018-05-29 10:37:36,816]-[log.py]-INFO:添加失败！
[2018-05-29 10:37:43,720]-[log.py]-INFO:realname1123463添加失败！
[2018-05-29 10:37:50,346]-[log.py]-INFO:realname1123464添加失败！
[2018-05-29 10:37:56,979]-[log.py]-INFO:realname1123465添加失败！
[2018-05-29 10:42:23,520]-[log.py]-INFO:admin登录成功！
[2018-05-29 10:42:30,996]-[log.py]-INFO:user1登录成功！
[2018-05-29 10:42:49,572]-[log.py]-INFO:用户名为空登录失败！
[2018-05-29 10:42:54,596]-[log.py]-INFO:ad登录失败!
[2018-05-29 10:43:08,650]-[log.py]-INFO:切换简体成功！
[2018-05-29 10:43:10,453]-[log.py]-INFO:切换繁体成功！
[2018-05-29 10:43:12,388]-[log.py]-INFO:切换英文成功！
[2018-05-29 10:43:33,082]-[log.py]-INFO:登陆后切换简体成功！
[2018-05-29 10:43:51,257]-[log.py]-INFO:成功进入我的地盘模块
[2018-05-29 10:43:54,121]-[log.py]-INFO:成功进入客户管理模块
[2018-05-29 10:43:56,986]-[log.py]-INFO:成功进入日常办公模块
[2018-05-29 10:43:59,872]-[log.py]-INFO:成功进入项目模块
[2018-05-29 10:44:02,629]-[log.py]-INFO:成功进入文档模块
[2018-05-29 10:44:05,502]-[log.py]-INFO:成功进入现金记账模块
[2018-05-29 10:44:08,267]-[log.py]-INFO:成功进入团队模块
[2018-05-29 10:44:10,951]-[log.py]-INFO:成功进入后台管理模块
[2018-05-29 10:45:14,758]-[log.py]-INFO:realname1123461添加失败！
[2018-05-29 10:45:21,064]-[log.py]-INFO:添加失败！
[2018-05-29 10:45:27,143]-[log.py]-INFO:realname1123463添加失败！
[2018-05-29 10:45:33,194]-[log.py]-INFO:realname1123464添加失败！
[2018-05-29 10:45:39,391]-[log.py]-INFO:realname1123465添加失败！
[2018-05-29 10:50:38,908]-[log.py]-INFO:admin登录成功！
[2018-05-29 10:50:46,097]-[log.py]-INFO:user1登录成功！
[2018-05-29 10:51:03,262]-[log.py]-INFO:用户名为空登录失败！
[2018-05-29 10:51:08,179]-[log.py]-INFO:ad登录失败!
[2018-05-29 10:51:13,102]-[log.py]-INFO:user1登录失败!
[2018-05-29 10:51:18,033]-[log.py]-INFO:user1登录失败!
[2018-05-29 10:51:32,883]-[log.py]-INFO:切换简体成功！
[2018-05-29 10:51:34,615]-[log.py]-INFO:切换繁体成功！
[2018-05-29 10:51:36,369]-[log.py]-INFO:切换英文成功！
[2018-05-29 10:51:58,109]-[log.py]-INFO:登陆后切换繁体成功！
[2018-05-29 10:52:03,617]-[log.py]-INFO:登陆后切换English成功！
[2018-05-29 10:52:19,760]-[log.py]-INFO:成功进入我的地盘模块
[2018-05-29 10:52:22,386]-[log.py]-INFO:成功进入客户管理模块
[2018-05-29 10:52:25,028]-[log.py]-INFO:成功进入日常办公模块
[2018-05-29 10:52:27,635]-[log.py]-INFO:成功进入项目模块
[2018-05-29 10:52:30,204]-[log.py]-INFO:成功进入文档模块
[2018-05-29 10:52:32,786]-[log.py]-INFO:成功进入现金记账模块
[2018-05-29 10:52:35,437]-[log.py]-INFO:成功进入团队模块
[2018-05-29 10:52:38,058]-[log.py]-INFO:成功进入后台管理模块
[2018-05-29 10:53:40,124]-[log.py]-INFO:realname1123461添加失败！
[2018-05-29 10:53:46,718]-[log.py]-INFO:添加失败！
[2018-05-29 10:53:52,886]-[log.py]-INFO:realname1123463添加失败！
[2018-05-29 10:53:58,897]-[log.py]-INFO:realname1123464添加失败！
[2018-05-29 10:54:05,171]-[log.py]-INFO:realname1123465添加失败！
